In file included from ../src/bufferutil.cc:15:
../../nan/nan.h:79:9: error: ‘v8::Handle’ has not been declared
   79 |   , v8::Handle<v8::String> opt, bool def
      |         ^~~~~~
../../nan/nan.h:79:15: error: expected ‘,’ or ‘...’ before ‘<’ token
   79 |   , v8::Handle<v8::String> opt, bool def
      |               ^
../../nan/nan.h: In function ‘bool NanBooleanOptionValue(v8::Local<v8::Object>, int)’:
../../nan/nan.h:81:7: error: ‘def’ was not declared in this scope
   81 |   if (def) {
      |       ^~~
../../nan/nan.h:83:27: error: ‘opt’ was not declared in this scope
   83 |       || !optionsObj->Has(opt)
      |                           ^~~
../../nan/nan.h:87:26: error: ‘opt’ was not declared in this scope
   87 |       && optionsObj->Has(opt)
      |                          ^~~
../../nan/nan.h: At global scope:
../../nan/nan.h:94:9: error: ‘v8::Handle’ has not been declared
   94 |   , v8::Handle<v8::String> opt
      |         ^~~~~~
../../nan/nan.h:94:15: error: expected ‘,’ or ‘...’ before ‘<’ token
   94 |   , v8::Handle<v8::String> opt
      |               ^
../../nan/nan.h:92:17: error: redefinition of ‘bool NanBooleanOptionValue(v8::Local<v8::Object>, int)’
   92 | NAN_INLINE bool NanBooleanOptionValue(
      |                 ^~~~~~~~~~~~~~~~~~~~~
../../nan/nan.h:77:17: note: ‘bool NanBooleanOptionValue(v8::Local<v8::Object>, int)’ previously defined here
   77 | NAN_INLINE bool NanBooleanOptionValue(
      |                 ^~~~~~~~~~~~~~~~~~~~~
../../nan/nan.h: In function ‘bool NanBooleanOptionValue(v8::Local<v8::Object>, int)’:
../../nan/nan.h:96:44: error: ‘opt’ was not declared in this scope
   96 |   return NanBooleanOptionValue(optionsObj, opt, false);
      |                                            ^~~
../../nan/nan.h: At global scope:
../../nan/nan.h:101:9: error: ‘v8::Handle’ has not been declared
  101 |   , v8::Handle<v8::String> opt
      |         ^~~~~~
../../nan/nan.h:101:15: error: expected ‘,’ or ‘...’ before ‘<’ token
  101 |   , v8::Handle<v8::String> opt
      |               ^
../../nan/nan.h: In function ‘uint32_t NanUInt32OptionValue(v8::Local<v8::Object>, int)’:
../../nan/nan.h:105:24: error: ‘opt’ was not declared in this scope
  105 |     && optionsObj->Has(opt)
      |                        ^~~
../../nan/nan.h:108:9: error: ‘def’ was not declared in this scope
  108 |       : def;
      |         ^~~
../../nan/nan.h: At global scope:
../../nan/nan.h:112:25: error: ‘Handle’ is not a member of ‘v8’
  112 | v8::Local<T> NanNew(v8::Handle<T>);
      |                         ^~~~~~
../../nan/nan.h:112:33: error: expected primary-expression before ‘>’ token
  112 | v8::Local<T> NanNew(v8::Handle<T>);
      |                                 ^
../../nan/nan.h:112:34: error: expected primary-expression before ‘)’ token
  112 | v8::Local<T> NanNew(v8::Handle<T>);
      |                                  ^
../../nan/nan.h:35:21: warning: inline variables are only available with ‘-std=c++17’ or ‘-std=gnu++17’
   35 | # define NAN_INLINE inline __attribute__((always_inline))
      |                     ^~~~~~
../../nan/nan.h:115:1: note: in expansion of macro ‘NAN_INLINE’
  115 | NAN_INLINE v8::Local<T> _NanEnsureLocal(v8::Handle<T> val) {
      | ^~~~~~~~~~
../../nan/nan.h:115:45: warning: ‘always_inline’ attribute ignored [-Wattributes]
  115 | NAN_INLINE v8::Local<T> _NanEnsureLocal(v8::Handle<T> val) {
      |                                             ^~~~~~
../../nan/nan.h:115:45: error: ‘Handle’ is not a member of ‘v8’
../../nan/nan.h:115:53: error: expected primary-expression before ‘>’ token
  115 | NAN_INLINE v8::Local<T> _NanEnsureLocal(v8::Handle<T> val) {
      |                                                     ^
../../nan/nan.h:115:55: error: ‘val’ was not declared in this scope
  115 | NAN_INLINE v8::Local<T> _NanEnsureLocal(v8::Handle<T> val) {
      |                                                       ^~~
../../nan/nan.h:115:59: error: expected ‘;’ before ‘{’ token
  115 | NAN_INLINE v8::Local<T> _NanEnsureLocal(v8::Handle<T> val) {
      |                                                           ^~
      |                                                           ;
../../nan/nan.h:120:57: error: ‘template<class T> v8::Local<T> _NanEnsureLocal(v8::Local<T>)’ conflicts with a previous declaration
  120 | NAN_INLINE v8::Local<T> _NanEnsureLocal(v8::Local<T> val) {
      |                                                         ^
../../nan/nan.h:115:25: note: previous declaration ‘template<class T> v8::Local<T> _NanEnsureLocal<T>’
  115 | NAN_INLINE v8::Local<T> _NanEnsureLocal(v8::Handle<T> val) {
      |                         ^~~~~~~~~~~~~~~
../../nan/nan.h:193:34: error: ‘template<class T> v8::Local<T> NanNew()’ conflicts with a previous declaration
  193 |   NAN_INLINE v8::Local<T> NanNew() {
      |                                  ^
../../nan/nan.h:112:14: note: previous declaration ‘template<class T> v8::Local<T> NanNew<T>’
  112 | v8::Local<T> NanNew(v8::Handle<T>);
      |              ^~~~~~
../../nan/nan.h:198:40: error: ‘template<class T, class P> v8::Local<T> NanNew(P)’ conflicts with a previous declaration
  198 |   NAN_INLINE v8::Local<T> NanNew(P arg1) {
      |                                        ^
../../nan/nan.h:112:14: note: previous declaration ‘template<class T> v8::Local<T> NanNew<T>’
  112 | v8::Local<T> NanNew(v8::Handle<T>);
      |              ^~~~~~
../../nan/nan.h:35:21: warning: inline variables are only available with ‘-std=c++17’ or ‘-std=gnu++17’
   35 | # define NAN_INLINE inline __attribute__((always_inline))
      |                     ^~~~~~
../../nan/nan.h:203:3: note: in expansion of macro ‘NAN_INLINE’
  203 |   NAN_INLINE v8::Local<v8::Signature> NanNew(
      |   ^~~~~~~~~~
../../nan/nan.h:204:11: warning: ‘always_inline’ attribute ignored [-Wattributes]
  204 |       v8::Handle<v8::FunctionTemplate> receiver
      |           ^~~~~~
../../nan/nan.h:204:11: error: redeclaration of ‘template<class T> v8::Local<v8::Signature> NanNew’
../../nan/nan.h:112:14: note: previous declaration ‘template<class T> v8::Local<T> NanNew<T>’
  112 | v8::Local<T> NanNew(v8::Handle<T>);
      |              ^~~~~~
../../nan/nan.h:204:11: error: ‘Handle’ is not a member of ‘v8’
  204 |       v8::Handle<v8::FunctionTemplate> receiver
      |           ^~~~~~
../../nan/nan.h:204:38: error: expected primary-expression before ‘>’ token
  204 |       v8::Handle<v8::FunctionTemplate> receiver
      |                                      ^
../../nan/nan.h:204:40: error: ‘receiver’ was not declared in this scope
  204 |       v8::Handle<v8::FunctionTemplate> receiver
      |                                        ^~~~~~~~
../../nan/nan.h:205:7: error: expected primary-expression before ‘int’
  205 |     , int argc
      |       ^~~
../../nan/nan.h:206:11: error: ‘Handle’ is not a member of ‘v8’
  206 |     , v8::Handle<v8::FunctionTemplate> argv[] = 0) {
      |           ^~~~~~
../../nan/nan.h:206:38: error: expected primary-expression before ‘>’ token
  206 |     , v8::Handle<v8::FunctionTemplate> argv[] = 0) {
      |                                      ^
../../nan/nan.h:206:40: error: ‘argv’ was not declared in this scope
  206 |     , v8::Handle<v8::FunctionTemplate> argv[] = 0) {
      |                                        ^~~~
../../nan/nan.h:206:45: error: expected primary-expression before ‘]’ token
  206 |     , v8::Handle<v8::FunctionTemplate> argv[] = 0) {
      |                                             ^
../../nan/nan.h:206:51: error: expected ‘;’ before ‘{’ token
  206 |     , v8::Handle<v8::FunctionTemplate> argv[] = 0) {
      |                                                   ^~
      |                                                   ;
../../nan/nan.h:213:11: error: ‘v8::Handle’ has not been declared
  213 |     , v8::Handle<v8::Value> data = v8::Handle<v8::Value>()
      |           ^~~~~~
../../nan/nan.h:213:17: error: expected ‘,’ or ‘...’ before ‘<’ token
  213 |     , v8::Handle<v8::Value> data = v8::Handle<v8::Value>()
      |                 ^
../../nan/nan.h:214:72: error: ‘template<class T> v8::Local<v8::FunctionTemplate> NanNew(NanFunctionCallback, int)’ conflicts with a previous declaration
  214 |     , v8::Handle<v8::Signature> signature = v8::Handle<v8::Signature>()) {
      |                                                                        ^
../../nan/nan.h:112:14: note: previous declaration ‘template<class T> v8::Local<T> NanNew<T>’
  112 | v8::Local<T> NanNew(v8::Handle<T>);
      |              ^~~~~~
../../nan/nan.h: In function ‘v8::Local<v8::FunctionTemplate> NanNew(NanFunctionCallback, int)’:
../../nan/nan.h:215:56: error: ‘data’ was not declared in this scope
  215 |     return T::New(v8::Isolate::GetCurrent(), callback, data, signature);
      |                                                        ^~~~
../../nan/nan.h:215:62: error: ‘signature’ was not declared in this scope; did you mean ‘sigreturn’?
  215 |     return T::New(v8::Isolate::GetCurrent(), callback, data, signature);
      |                                                              ^~~~~~~~~
      |                                                              sigreturn
../../nan/nan.h: At global scope:
../../nan/nan.h:35:21: warning: inline variables are only available with ‘-std=c++17’ or ‘-std=gnu++17’
   35 | # define NAN_INLINE inline __attribute__((always_inline))
      |                     ^~~~~~
../../nan/nan.h:219:3: note: in expansion of macro ‘NAN_INLINE’
  219 |   NAN_INLINE v8::Local<T> NanNew(v8::Handle<T> arg1) {
      |   ^~~~~~~~~~
../../nan/nan.h:219:38: warning: ‘always_inline’ attribute ignored [-Wattributes]
  219 |   NAN_INLINE v8::Local<T> NanNew(v8::Handle<T> arg1) {
      |                                      ^~~~~~
../../nan/nan.h:219:38: error: ‘Handle’ is not a member of ‘v8’
../../nan/nan.h:219:46: error: expected primary-expression before ‘>’ token
  219 |   NAN_INLINE v8::Local<T> NanNew(v8::Handle<T> arg1) {
      |                                              ^
../../nan/nan.h:219:48: error: ‘arg1’ was not declared in this scope
  219 |   NAN_INLINE v8::Local<T> NanNew(v8::Handle<T> arg1) {
      |                                                ^~~~
../../nan/nan.h:219:53: error: expected ‘;’ before ‘{’ token
  219 |   NAN_INLINE v8::Local<T> NanNew(v8::Handle<T> arg1) {
      |                                                     ^~
      |                                                     ;
../../nan/nan.h:224:63: error: ‘template<class T> v8::Local<T> NanNew(const v8::Persistent<T, v8::NonCopyablePersistentTraits<T> >&)’ conflicts with a previous declaration
  224 |   NAN_INLINE v8::Local<T> NanNew(const v8::Persistent<T> &arg1) {
      |                                                               ^
../../nan/nan.h:112:14: note: previous declaration ‘template<class T> v8::Local<T> NanNew<T>’
  112 | v8::Local<T> NanNew(v8::Handle<T>);
      |              ^~~~~~
../../nan/nan.h:229:50: error: ‘template<class T, class P> v8::Local<T> NanNew(P, int)’ conflicts with a previous declaration
  229 |   NAN_INLINE v8::Local<T> NanNew(P arg1, int arg2) {
      |                                                  ^
../../nan/nan.h:112:14: note: previous declaration ‘template<class T> v8::Local<T> NanNew<T>’
  112 | v8::Local<T> NanNew(v8::Handle<T>);
      |              ^~~~~~
../../nan/nan.h:234:53: error: ‘template<class T> v8::Local<T> NanNew<T>’ is not a function template
  234 |   NAN_INLINE v8::Local<v8::Array> NanNew<v8::Array>() {
      |                                                     ^
../../nan/nan.h:239:63: error: ‘template<class T> v8::Local<T> NanNew<T>’ is not a function template
  239 |   NAN_INLINE v8::Local<v8::Array> NanNew<v8::Array>(int length) {
      |                                                               ^
../../nan/nan.h:244:62: error: ‘template<class T> v8::Local<T> NanNew<T>’ is not a function template
  244 |   NAN_INLINE v8::Local<v8::Date> NanNew<v8::Date>(double time) {
      |                                                              ^
../../nan/nan.h:249:59: error: ‘template<class T> v8::Local<T> NanNew<T>’ is not a function template
  249 |   NAN_INLINE v8::Local<v8::Date> NanNew<v8::Date>(int time) {
      |                                                           ^
../../nan/nan.h:260:3: error: ‘template<class T, class P> v8::Local<T> NanNew(P, const v8::ScriptOrigin&)’ conflicts with a previous declaration
  260 |   ) {
      |   ^
../../nan/nan.h:112:14: note: previous declaration ‘template<class T> v8::Local<T> NanNew<T>’
  112 | v8::Local<T> NanNew(v8::Handle<T>);
      |              ^~~~~~
../../nan/nan.h: In function ‘v8::Local<T> NanNew(P, const v8::ScriptOrigin&)’:
../../nan/nan.h:262:32: error: ‘CompileUnbound’ is not a member of ‘v8::ScriptCompiler’
  262 |     return v8::ScriptCompiler::CompileUnbound(
      |                                ^~~~~~~~~~~~~~
../../nan/nan.h: At global scope:
../../nan/nan.h:269:3: error: ‘template<class T> v8::Local<T> NanNew<T>’ is not a function template
  269 |   ) {
      |   ^
../../nan/nan.h:276:60: error: ‘NanNew’ is not a template function
  276 |   NAN_INLINE v8::Local<v8::BooleanObject> NanNew(bool value) {
      |                                                            ^
../../nan/nan.h:283:34: error: ‘template<class T> v8::Local<T> NanNew<T>’ is not a function template
  283 |       v8::Local<v8::String> value) {
      |                                  ^
../../nan/nan.h:289:32: error: ‘Handle’ is not a member of ‘v8’
  289 |   NanNew<v8::StringObject, v8::Handle<v8::String> >(
      |                                ^~~~~~
../../nan/nan.h:289:32: error: ‘Handle’ is not a member of ‘v8’
../../nan/nan.h:289:3: error: parse error in template argument list
  289 |   NanNew<v8::StringObject, v8::Handle<v8::String> >(
      |   ^~~~~~~~~~~~~~~~~~~~~~~~~~~~~~~~~~~~~~~~~~~~~~~
../../nan/nan.h:289:51: error: expected initializer before ‘>’ token
  289 |   NanNew<v8::StringObject, v8::Handle<v8::String> >(
      |                                                   ^
../../nan/nan.h:295:77: error: ‘template<class T> v8::Local<T> NanNew<T>’ is not a function template
  295 |   NAN_INLINE v8::Local<v8::NumberObject> NanNew<v8::NumberObject>(double val) {
      |                                                                             ^
../../nan/nan.h:35:21: warning: inline variables are only available with ‘-std=c++17’ or ‘-std=gnu++17’
   35 | # define NAN_INLINE inline __attribute__((always_inline))
      |                     ^~~~~~
../../nan/nan.h:301:3: note: in expansion of macro ‘NAN_INLINE’
  301 |   NAN_INLINE v8::Local<v8::RegExp> NanNew(
      |   ^~~~~~~~~~
../../nan/nan.h:302:11: warning: ‘always_inline’ attribute ignored [-Wattributes]
  302 |       v8::Handle<v8::String> pattern, v8::RegExp::Flags flags) {
      |           ^~~~~~
../../nan/nan.h:302:11: error: redeclaration of ‘template<class T> v8::Local<v8::RegExp> NanNew’
../../nan/nan.h:112:14: note: previous declaration ‘template<class T> v8::Local<T> NanNew<T>’
  112 | v8::Local<T> NanNew(v8::Handle<T>);
      |              ^~~~~~
../../nan/nan.h:302:11: error: ‘Handle’ is not a member of ‘v8’
  302 |       v8::Handle<v8::String> pattern, v8::RegExp::Flags flags) {
      |           ^~~~~~
../../nan/nan.h:302:28: error: expected primary-expression before ‘>’ token
  302 |       v8::Handle<v8::String> pattern, v8::RegExp::Flags flags) {
      |                            ^
../../nan/nan.h:302:30: error: ‘pattern’ was not declared in this scope
  302 |       v8::Handle<v8::String> pattern, v8::RegExp::Flags flags) {
      |                              ^~~~~~~
../../nan/nan.h:302:57: error: expected primary-expression before ‘flags’
  302 |       v8::Handle<v8::String> pattern, v8::RegExp::Flags flags) {
      |                                                         ^~~~~
../../nan/nan.h:302:63: error: expected ‘;’ before ‘{’ token
  302 |       v8::Handle<v8::String> pattern, v8::RegExp::Flags flags) {
      |                                                               ^~
      |                                                               ;
../../nan/nan.h:308:61: error: ‘template<class T> v8::Local<v8::RegExp> NanNew(v8::Local<v8::String>, v8::RegExp::Flags)’ conflicts with a previous declaration
  308 |       v8::Local<v8::String> pattern, v8::RegExp::Flags flags) {
      |                                                             ^
../../nan/nan.h:112:14: note: previous declaration ‘template<class T> v8::Local<T> NanNew<T>’
  112 | v8::Local<T> NanNew(v8::Handle<T>);
      |              ^~~~~~
../../nan/nan.h: In function ‘v8::Local<v8::RegExp> NanNew(v8::Local<v8::String>, v8::RegExp::Flags)’:
../../nan/nan.h:309:42: error: no matching function for call to ‘v8::RegExp::New(v8::Local<v8::String>&, v8::RegExp::Flags&)’
  309 |     return v8::RegExp::New(pattern, flags);
      |                                          ^
In file included from ../src/bufferutil.cc:7:
/home/jpol/.cache/node-gyp/13.6.0/include/node/v8.h:5746:51: note: candidate: ‘static v8::MaybeLocal<v8::RegExp> v8::RegExp::New(v8::Local<v8::Context>, v8::Local<v8::String>, v8::RegExp::Flags)’
 5746 |   static V8_WARN_UNUSED_RESULT MaybeLocal<RegExp> New(Local<Context> context,
      |                                                   ^~~
/home/jpol/.cache/node-gyp/13.6.0/include/node/v8.h:5746:51: note:   candidate expects 3 arguments, 2 provided
In file included from ../src/bufferutil.cc:15:
../../nan/nan.h: At global scope:
../../nan/nan.h:35:21: warning: inline variables are only available with ‘-std=c++17’ or ‘-std=gnu++17’
   35 | # define NAN_INLINE inline __attribute__((always_inline))
      |                     ^~~~~~
../../nan/nan.h:313:3: note: in expansion of macro ‘NAN_INLINE’
  313 |   NAN_INLINE v8::Local<v8::RegExp> NanNew(
      |   ^~~~~~~~~~
../../nan/nan.h:314:11: warning: ‘always_inline’ attribute ignored [-Wattributes]
  314 |       v8::Handle<v8::String> pattern, v8::RegExp::Flags flags) {
      |           ^~~~~~
../../nan/nan.h:314:11: error: redeclaration of ‘template<class T, class P> v8::Local<v8::RegExp> NanNew’
../../nan/nan.h:112:14: note: previous declaration ‘template<class T> v8::Local<T> NanNew<T>’
  112 | v8::Local<T> NanNew(v8::Handle<T>);
      |              ^~~~~~
../../nan/nan.h:314:11: error: ‘Handle’ is not a member of ‘v8’
  314 |       v8::Handle<v8::String> pattern, v8::RegExp::Flags flags) {
      |           ^~~~~~
../../nan/nan.h:314:28: error: expected primary-expression before ‘>’ token
  314 |       v8::Handle<v8::String> pattern, v8::RegExp::Flags flags) {
      |                            ^
../../nan/nan.h:314:30: error: ‘pattern’ was not declared in this scope
  314 |       v8::Handle<v8::String> pattern, v8::RegExp::Flags flags) {
      |                              ^~~~~~~
../../nan/nan.h:314:57: error: expected primary-expression before ‘flags’
  314 |       v8::Handle<v8::String> pattern, v8::RegExp::Flags flags) {
      |                                                         ^~~~~
../../nan/nan.h:314:63: error: expected ‘;’ before ‘{’ token
  314 |       v8::Handle<v8::String> pattern, v8::RegExp::Flags flags) {
      |                                                               ^~
      |                                                               ;
../../nan/nan.h:320:61: error: ‘template<class T, class P> v8::Local<v8::RegExp> NanNew(v8::Local<v8::String>, v8::RegExp::Flags)’ conflicts with a previous declaration
  320 |       v8::Local<v8::String> pattern, v8::RegExp::Flags flags) {
      |                                                             ^
../../nan/nan.h:112:14: note: previous declaration ‘template<class T> v8::Local<T> NanNew<T>’
  112 | v8::Local<T> NanNew(v8::Handle<T>);
      |              ^~~~~~
../../nan/nan.h: In function ‘v8::Local<v8::RegExp> NanNew(v8::Local<v8::String>, v8::RegExp::Flags)’:
../../nan/nan.h:321:42: error: no matching function for call to ‘v8::RegExp::New(v8::Local<v8::String>&, v8::RegExp::Flags&)’
  321 |     return v8::RegExp::New(pattern, flags);
      |                                          ^
In file included from ../src/bufferutil.cc:7:
/home/jpol/.cache/node-gyp/13.6.0/include/node/v8.h:5746:51: note: candidate: ‘static v8::MaybeLocal<v8::RegExp> v8::RegExp::New(v8::Local<v8::Context>, v8::Local<v8::String>, v8::RegExp::Flags)’
 5746 |   static V8_WARN_UNUSED_RESULT MaybeLocal<RegExp> New(Local<Context> context,
      |                                                   ^~~
/home/jpol/.cache/node-gyp/13.6.0/include/node/v8.h:5746:51: note:   candidate expects 3 arguments, 2 provided
In file included from ../src/bufferutil.cc:15:
../../nan/nan.h: At global scope:
../../nan/nan.h:325:75: error: ‘template<class T> v8::Local<T> NanNew<T>’ is not a function template
  325 |   NAN_INLINE v8::Local<v8::Uint32> NanNew<v8::Uint32, int32_t>(int32_t val) {
      |                                                                           ^
../../nan/nan.h:331:77: error: ‘template<class T> v8::Local<T> NanNew<T>’ is not a function template
  331 |   NAN_INLINE v8::Local<v8::Uint32> NanNew<v8::Uint32, uint32_t>(uint32_t val) {
      |                                                                             ^
../../nan/nan.h:337:73: error: ‘template<class T> v8::Local<T> NanNew<T>’ is not a function template
  337 |   NAN_INLINE v8::Local<v8::Int32> NanNew<v8::Int32, int32_t>(int32_t val) {
      |                                                                         ^
../../nan/nan.h:342:75: error: ‘template<class T> v8::Local<T> NanNew<T>’ is not a function template
  342 |   NAN_INLINE v8::Local<v8::Int32> NanNew<v8::Int32, uint32_t>(uint32_t val) {
      |                                                                           ^
../../nan/nan.h:347:79: error: ‘template<class T> v8::Local<T> NanNew<T>’ is not a function template
  347 |   NAN_INLINE v8::Local<v8::Integer> NanNew<v8::Integer, uint32_t>(uint32_t val) {
      |                                                                               ^
../../nan/nan.h:354:17: error: ‘template<class T> v8::Local<T> NanNew<T>’ is not a function template
  354 |     , int length) {
      |                 ^
../../nan/nan.h:365:17: error: ‘template<class T> v8::Local<T> NanNew<T>’ is not a function template
  365 |     , int length) {
      |                 ^
../../nan/nan.h:374:72: error: ‘template<class T> v8::Local<T> NanNew<T>’ is not a function template
  374 |   NAN_INLINE v8::Local<v8::String> NanNew<v8::String, char *>(char *arg) {
      |                                                                        ^
../../nan/nan.h:380:22: error: ‘template<class T> v8::Local<T> NanNew<T>’ is not a function template
  380 |       const char *arg) {
      |                      ^
../../nan/nan.h:387:17: error: ‘template<class T> v8::Local<T> NanNew<T>’ is not a function template
  387 |     , int length) {
      |                 ^
../../nan/nan.h:398:17: error: ‘template<class T> v8::Local<T> NanNew<T>’ is not a function template
  398 |     , int length) {
      |                 ^
../../nan/nan.h:407:78: error: ‘template<class T> v8::Local<T> NanNew<T>’ is not a function template
  407 |   NAN_INLINE v8::Local<v8::String> NanNew<v8::String, uint8_t *>(uint8_t *arg) {
      |                                                                              ^
../../nan/nan.h:413:25: error: ‘template<class T> v8::Local<T> NanNew<T>’ is not a function template
  413 |       const uint8_t *arg) {
      |                         ^
../../nan/nan.h:420:17: error: ‘template<class T> v8::Local<T> NanNew<T>’ is not a function template
  420 |     , int length) {
      |                 ^
../../nan/nan.h:431:17: error: ‘template<class T> v8::Local<T> NanNew<T>’ is not a function template
  431 |     , int length) {
      |                 ^
../../nan/nan.h:440:20: error: ‘template<class T> v8::Local<T> NanNew<T>’ is not a function template
  440 |       uint16_t *arg) {
      |                    ^
../../nan/nan.h:446:26: error: ‘template<class T> v8::Local<T> NanNew<T>’ is not a function template
  446 |       const uint16_t *arg) {
      |                          ^
../../nan/nan.h:452:22: error: ‘template<class T> v8::Local<T> NanNew<T>’ is not a function template
  452 |       std::string arg) {
      |                      ^
../../nan/nan.h:457:55: error: ‘template<class T> v8::Local<T> NanNew<T>’ is not a function template
  457 |   NAN_INLINE v8::Local<v8::String> NanNew<v8::String>() {
      |                                                       ^
../../nan/nan.h:461:75: error: ‘v8::Local<v8::String> NanNew(const char*, int)’ redeclared as different kind of entity
  461 |   NAN_INLINE v8::Local<v8::String> NanNew(const char* arg, int length = -1) {
      |                                                                           ^
../../nan/nan.h:112:14: note: previous declaration ‘template<class T> v8::Local<T> NanNew<T>’
  112 | v8::Local<T> NanNew(v8::Handle<T>);
      |              ^~~~~~
../../nan/nan.h: In function ‘v8::Local<v8::String> NanNew(const char*, int)’:
../../nan/nan.h:462:42: error: no match for call to ‘(v8::Local<v8::String>) (const char*&, int&)’
  462 |     return NanNew<v8::String>(arg, length);
      |                                          ^
../../nan/nan.h: At global scope:
../../nan/nan.h:467:22: error: ‘v8::Local<v8::String> NanNew(const uint8_t*, int)’ redeclared as different kind of entity
  467 |     , int length = -1) {
      |                      ^
../../nan/nan.h:112:14: note: previous declaration ‘template<class T> v8::Local<T> NanNew<T>’
  112 | v8::Local<T> NanNew(v8::Handle<T>);
      |              ^~~~~~
../../nan/nan.h: In function ‘v8::Local<v8::String> NanNew(const uint8_t*, int)’:
../../nan/nan.h:468:42: error: no match for call to ‘(v8::Local<v8::String>) (const uint8_t*&, int&)’
  468 |     return NanNew<v8::String>(arg, length);
      |                                          ^
../../nan/nan.h: At global scope:
../../nan/nan.h:473:22: error: ‘v8::Local<v8::String> NanNew(const uint16_t*, int)’ redeclared as different kind of entity
  473 |     , int length = -1) {
      |                      ^
../../nan/nan.h:112:14: note: previous declaration ‘template<class T> v8::Local<T> NanNew<T>’
  112 | v8::Local<T> NanNew(v8::Handle<T>);
      |              ^~~~~~
../../nan/nan.h: In function ‘v8::Local<v8::String> NanNew(const uint16_t*, int)’:
../../nan/nan.h:474:42: error: no match for call to ‘(v8::Local<v8::String>) (const uint16_t*&, int&)’
  474 |     return NanNew<v8::String>(arg, length);
      |                                          ^
../../nan/nan.h: At global scope:
../../nan/nan.h:478:29: error: ‘v8::Local<v8::String> NanNew(const string&)’ redeclared as different kind of entity
  478 |       const std::string& arg) {
      |                             ^
../../nan/nan.h:112:14: note: previous declaration ‘template<class T> v8::Local<T> NanNew<T>’
  112 | v8::Local<T> NanNew(v8::Handle<T>);
      |              ^~~~~~
../../nan/nan.h: In function ‘v8::Local<v8::String> NanNew(const string&)’:
../../nan/nan.h:479:72: error: no match for call to ‘(v8::Local<v8::String>) (const char*, int)’
  479 |     return NanNew<v8::String>(arg.c_str(), static_cast<int>(arg.size()));
      |                                                                        ^
../../nan/nan.h: At global scope:
../../nan/nan.h:482:53: error: ‘v8::Local<v8::Number> NanNew(double)’ redeclared as different kind of entity
  482 |   NAN_INLINE v8::Local<v8::Number> NanNew(double val) {
      |                                                     ^
../../nan/nan.h:112:14: note: previous declaration ‘template<class T> v8::Local<T> NanNew<T>’
  112 | v8::Local<T> NanNew(v8::Handle<T>);
      |              ^~~~~~
../../nan/nan.h: In function ‘v8::Local<v8::Number> NanNew(double)’:
../../nan/nan.h:483:34: error: no match for call to ‘(v8::Local<v8::Number>) (double&)’
  483 |     return NanNew<v8::Number>(val);
      |                                  ^
../../nan/nan.h: At global scope:
../../nan/nan.h:486:51: error: ‘v8::Local<v8::Integer> NanNew(int)’ redeclared as different kind of entity
  486 |   NAN_INLINE v8::Local<v8::Integer> NanNew(int val) {
      |                                                   ^
../../nan/nan.h:112:14: note: previous declaration ‘template<class T> v8::Local<T> NanNew<T>’
  112 | v8::Local<T> NanNew(v8::Handle<T>);
      |              ^~~~~~
../../nan/nan.h: In function ‘v8::Local<v8::Integer> NanNew(int)’:
../../nan/nan.h:487:35: error: no match for call to ‘(v8::Local<v8::Integer>) (int&)’
  487 |     return NanNew<v8::Integer>(val);
      |                                   ^
../../nan/nan.h: At global scope:
../../nan/nan.h:490:59: error: ‘v8::Local<v8::Uint32> NanNew(unsigned int)’ redeclared as different kind of entity
  490 |   NAN_INLINE v8::Local<v8::Uint32> NanNew(unsigned int val) {
      |                                                           ^
../../nan/nan.h:112:14: note: previous declaration ‘template<class T> v8::Local<T> NanNew<T>’
  112 | v8::Local<T> NanNew(v8::Handle<T>);
      |              ^~~~~~
../../nan/nan.h: In function ‘v8::Local<v8::Uint32> NanNew(unsigned int)’:
../../nan/nan.h:491:34: error: no match for call to ‘(v8::Local<v8::Uint32>) (unsigned int&)’
  491 |     return NanNew<v8::Uint32>(val);
      |                                  ^
../../nan/nan.h: At global scope:
../../nan/nan.h:494:52: error: ‘v8::Local<v8::Boolean> NanNew(bool)’ redeclared as different kind of entity
  494 |   NAN_INLINE v8::Local<v8::Boolean> NanNew(bool val) {
      |                                                    ^
../../nan/nan.h:112:14: note: previous declaration ‘template<class T> v8::Local<T> NanNew<T>’
  112 | v8::Local<T> NanNew(v8::Handle<T>);
      |              ^~~~~~
../../nan/nan.h: In function ‘v8::Local<v8::Boolean> NanNew(bool)’:
../../nan/nan.h:495:35: error: no match for call to ‘(v8::Local<v8::Boolean>) (bool&)’
  495 |     return NanNew<v8::Boolean>(val);
      |                                   ^
../../nan/nan.h: At global scope:
../../nan/nan.h:499:51: error: ‘v8::Local<v8::String> NanNew(v8::String::ExternalStringResource*)’ redeclared as different kind of entity
  499 |       v8::String::ExternalStringResource *resource) {
      |                                                   ^
../../nan/nan.h:112:14: note: previous declaration ‘template<class T> v8::Local<T> NanNew<T>’
  112 | v8::Local<T> NanNew(v8::Handle<T>);
      |              ^~~~~~
../../nan/nan.h: In function ‘v8::Local<v8::String> NanNew(v8::String::ExternalStringResource*)’:
../../nan/nan.h:500:24: error: ‘NewExternal’ is not a member of ‘v8::String’
  500 |     return v8::String::NewExternal(v8::Isolate::GetCurrent(), resource);
      |                        ^~~~~~~~~~~
../../nan/nan.h: At global scope:
../../nan/nan.h:505:58: error: ‘v8::Local<v8::String> NanNew(v8::String::ExternalOneByteStringResource*)’ redeclared as different kind of entity
  505 |       v8::String::ExternalOneByteStringResource *resource) {
      |                                                          ^
../../nan/nan.h:112:14: note: previous declaration ‘template<class T> v8::Local<T> NanNew<T>’
  112 | v8::Local<T> NanNew(v8::Handle<T>);
      |              ^~~~~~
../../nan/nan.h: In function ‘v8::Local<v8::String> NanNew(v8::String::ExternalOneByteStringResource*)’:
../../nan/nan.h:510:24: error: ‘NewExternal’ is not a member of ‘v8::String’
  510 |     return v8::String::NewExternal(v8::Isolate::GetCurrent(), resource);
      |                        ^~~~~~~~~~~
../../nan/nan.h: In function ‘v8::Local<v8::Primitive> NanUndefined()’:
../../nan/nan.h:517:58: error: missing template arguments before ‘(’ token
  517 | # define NanEscapeScope(val) scope.Escape(_NanEnsureLocal(val))
      |                                                          ^
../../nan/nan.h:531:12: note: in expansion of macro ‘NanEscapeScope’
  531 |     return NanEscapeScope(NanNew(v8::Undefined(v8::Isolate::GetCurrent())));
      |            ^~~~~~~~~~~~~~
../../nan/nan.h:531:33: error: missing template arguments before ‘(’ token
  531 |     return NanEscapeScope(NanNew(v8::Undefined(v8::Isolate::GetCurrent())));
      |                                 ^
../../nan/nan.h:517:59: note: in definition of macro ‘NanEscapeScope’
  517 | # define NanEscapeScope(val) scope.Escape(_NanEnsureLocal(val))
      |                                                           ^~~
../../nan/nan.h: In function ‘v8::Local<v8::Primitive> NanNull()’:
../../nan/nan.h:517:58: error: missing template arguments before ‘(’ token
  517 | # define NanEscapeScope(val) scope.Escape(_NanEnsureLocal(val))
      |                                                          ^
../../nan/nan.h:536:12: note: in expansion of macro ‘NanEscapeScope’
  536 |     return NanEscapeScope(NanNew(v8::Null(v8::Isolate::GetCurrent())));
      |            ^~~~~~~~~~~~~~
../../nan/nan.h:536:33: error: missing template arguments before ‘(’ token
  536 |     return NanEscapeScope(NanNew(v8::Null(v8::Isolate::GetCurrent())));
      |                                 ^
../../nan/nan.h:517:59: note: in definition of macro ‘NanEscapeScope’
  517 | # define NanEscapeScope(val) scope.Escape(_NanEnsureLocal(val))
      |                                                           ^~~
../../nan/nan.h: In function ‘v8::Local<v8::Boolean> NanTrue()’:
../../nan/nan.h:517:58: error: missing template arguments before ‘(’ token
  517 | # define NanEscapeScope(val) scope.Escape(_NanEnsureLocal(val))
      |                                                          ^
../../nan/nan.h:541:12: note: in expansion of macro ‘NanEscapeScope’
  541 |     return NanEscapeScope(NanNew(v8::True(v8::Isolate::GetCurrent())));
      |            ^~~~~~~~~~~~~~
../../nan/nan.h:541:33: error: missing template arguments before ‘(’ token
  541 |     return NanEscapeScope(NanNew(v8::True(v8::Isolate::GetCurrent())));
      |                                 ^
../../nan/nan.h:517:59: note: in definition of macro ‘NanEscapeScope’
  517 | # define NanEscapeScope(val) scope.Escape(_NanEnsureLocal(val))
      |                                                           ^~~
../../nan/nan.h: In function ‘v8::Local<v8::Boolean> NanFalse()’:
../../nan/nan.h:517:58: error: missing template arguments before ‘(’ token
  517 | # define NanEscapeScope(val) scope.Escape(_NanEnsureLocal(val))
      |                                                          ^
../../nan/nan.h:546:12: note: in expansion of macro ‘NanEscapeScope’
  546 |     return NanEscapeScope(NanNew(v8::False(v8::Isolate::GetCurrent())));
      |            ^~~~~~~~~~~~~~
../../nan/nan.h:546:33: error: missing template arguments before ‘(’ token
  546 |     return NanEscapeScope(NanNew(v8::False(v8::Isolate::GetCurrent())));
      |                                 ^
../../nan/nan.h:517:59: note: in definition of macro ‘NanEscapeScope’
  517 | # define NanEscapeScope(val) scope.Escape(_NanEnsureLocal(val))
      |                                                           ^~~
../../nan/nan.h: At global scope:
../../nan/nan.h:555:11: error: variable or field ‘NanSetTemplate’ declared void
  555 |       v8::Handle<v8::Template> templ
      |           ^~~~~~
../../nan/nan.h:555:11: error: ‘Handle’ is not a member of ‘v8’
../../nan/nan.h:555:30: error: expected primary-expression before ‘>’ token
  555 |       v8::Handle<v8::Template> templ
      |                              ^
../../nan/nan.h:555:32: error: ‘templ’ was not declared in this scope
  555 |       v8::Handle<v8::Template> templ
      |                                ^~~~~
../../nan/nan.h:556:7: error: expected primary-expression before ‘const’
  556 |     , const char *name
      |       ^~~~~
../../nan/nan.h:557:11: error: ‘Handle’ is not a member of ‘v8’
  557 |     , v8::Handle<v8::Data> value) {
      |           ^~~~~~
../../nan/nan.h:557:26: error: expected primary-expression before ‘>’ token
  557 |     , v8::Handle<v8::Data> value) {
      |                          ^
../../nan/nan.h:557:28: error: ‘value’ was not declared in this scope
  557 |     , v8::Handle<v8::Data> value) {
      |                            ^~~~~
../../nan/nan.h:562:11: error: variable or field ‘NanSetTemplate’ declared void
  562 |       v8::Handle<v8::Template> templ
      |           ^~~~~~
../../nan/nan.h:562:11: error: ‘Handle’ is not a member of ‘v8’
../../nan/nan.h:562:30: error: expected primary-expression before ‘>’ token
  562 |       v8::Handle<v8::Template> templ
      |                              ^
../../nan/nan.h:562:32: error: ‘templ’ was not declared in this scope
  562 |       v8::Handle<v8::Template> templ
      |                                ^~~~~
../../nan/nan.h:563:11: error: ‘Handle’ is not a member of ‘v8’
  563 |     , v8::Handle<v8::String> name
      |           ^~~~~~
../../nan/nan.h:563:28: error: expected primary-expression before ‘>’ token
  563 |     , v8::Handle<v8::String> name
      |                            ^
../../nan/nan.h:563:30: error: ‘name’ was not declared in this scope
  563 |     , v8::Handle<v8::String> name
      |                              ^~~~
../../nan/nan.h:564:11: error: ‘Handle’ is not a member of ‘v8’
  564 |     , v8::Handle<v8::Data> value
      |           ^~~~~~
../../nan/nan.h:564:26: error: expected primary-expression before ‘>’ token
  564 |     , v8::Handle<v8::Data> value
      |                          ^
../../nan/nan.h:564:28: error: ‘value’ was not declared in this scope
  564 |     , v8::Handle<v8::Data> value
      |                            ^~~~~
../../nan/nan.h:565:29: error: expected primary-expression before ‘attributes’
  565 |     , v8::PropertyAttribute attributes) {
      |                             ^~~~~~~~~~
../../nan/nan.h:35:21: warning: inline variables are only available with ‘-std=c++17’ or ‘-std=gnu++17’
   35 | # define NAN_INLINE inline __attribute__((always_inline))
      |                     ^~~~~~
../../nan/nan.h:573:3: note: in expansion of macro ‘NAN_INLINE’
  573 |   NAN_INLINE void* NanGetInternalFieldPointer(
      |   ^~~~~~~~~~
../../nan/nan.h:574:11: warning: ‘always_inline’ attribute ignored [-Wattributes]
  574 |       v8::Handle<v8::Object> object
      |           ^~~~~~
../../nan/nan.h:574:11: error: ‘Handle’ is not a member of ‘v8’
../../nan/nan.h:574:28: error: expected primary-expression before ‘>’ token
  574 |       v8::Handle<v8::Object> object
      |                            ^
../../nan/nan.h:574:30: error: ‘object’ was not declared in this scope
  574 |       v8::Handle<v8::Object> object
      |                              ^~~~~~
../../nan/nan.h:575:7: error: expected primary-expression before ‘int’
  575 |     , int index) {
      |       ^~~
../../nan/nan.h:575:16: error: expression list treated as compound expression in initializer [-fpermissive]
  575 |     , int index) {
      |                ^
../../nan/nan.h:580:11: error: variable or field ‘NanSetInternalFieldPointer’ declared void
  580 |       v8::Handle<v8::Object> object
      |           ^~~~~~
../../nan/nan.h:580:11: error: ‘Handle’ is not a member of ‘v8’
../../nan/nan.h:580:28: error: expected primary-expression before ‘>’ token
  580 |       v8::Handle<v8::Object> object
      |                            ^
../../nan/nan.h:580:30: error: ‘object’ was not declared in this scope
  580 |       v8::Handle<v8::Object> object
      |                              ^~~~~~
../../nan/nan.h:581:7: error: expected primary-expression before ‘int’
  581 |     , int index
      |       ^~~
../../nan/nan.h:582:7: error: expected primary-expression before ‘void’
  582 |     , void* value) {
      |       ^~~~
../../nan/nan.h:590:20: error: variable or field ‘NanAddGCEpilogueCallback’ declared void
  590 |       v8::Isolate::GCEpilogueCallback callback
      |                    ^~~~~~~~~~~~~~~~~~
../../nan/nan.h:590:20: error: ‘GCEpilogueCallback’ is not a member of ‘v8::Isolate’
../../nan/nan.h:591:18: error: expected primary-expression before ‘gc_type_filter’
  591 |     , v8::GCType gc_type_filter = v8::kGCTypeAll) {
      |                  ^~~~~~~~~~~~~~
../../nan/nan.h:596:20: error: variable or field ‘NanRemoveGCEpilogueCallback’ declared void
  596 |       v8::Isolate::GCEpilogueCallback callback) {
      |                    ^~~~~~~~~~~~~~~~~~
../../nan/nan.h:596:20: error: ‘GCEpilogueCallback’ is not a member of ‘v8::Isolate’
../../nan/nan.h:601:20: error: variable or field ‘NanAddGCPrologueCallback’ declared void
  601 |       v8::Isolate::GCPrologueCallback callback
      |                    ^~~~~~~~~~~~~~~~~~
../../nan/nan.h:601:20: error: ‘GCPrologueCallback’ is not a member of ‘v8::Isolate’
../../nan/nan.h:602:18: error: expected primary-expression before ‘gc_type_filter’
  602 |     , v8::GCType gc_type_filter = v8::kGCTypeAll) {
      |                  ^~~~~~~~~~~~~~
../../nan/nan.h:607:20: error: variable or field ‘NanRemoveGCPrologueCallback’ declared void
  607 |       v8::Isolate::GCPrologueCallback callback) {
      |                    ^~~~~~~~~~~~~~~~~~
../../nan/nan.h:607:20: error: ‘GCPrologueCallback’ is not a member of ‘v8::Isolate’
../../nan/nan.h: In function ‘v8::Local<v8::String> NanSymbol(const char*, int)’:
../../nan/nan.h:618:43: error: no match for call to ‘(v8::Local<v8::String>) (const char*&, int&)’
  618 |     return NanNew<v8::String>(data, length);
      |                                           ^
../../nan/nan.h: At global scope:
../../nan/nan.h:624:11: error: ‘v8::Handle’ has not been declared
  624 |     , v8::Handle<T> obj) {
      |           ^~~~~~
../../nan/nan.h:624:17: error: expected ‘,’ or ‘...’ before ‘<’ token
  624 |     , v8::Handle<T> obj) {
      |                 ^
../../nan/nan.h: In function ‘void NanAssignPersistent(v8::Persistent<T, v8::NonCopyablePersistentTraits<T> >&, int)’:
../../nan/nan.h:625:47: error: ‘obj’ was not declared in this scope
  625 |       handle.Reset(v8::Isolate::GetCurrent(), obj);
      |                                               ^~~
../../nan/nan.h: At global scope:
../../nan/nan.h:641:47: error: expected ‘)’ before ‘<’ token
  641 |     NAN_INLINE _NanWeakCallbackInfo(v8::Handle<T> handle, P* param, Callback cb)
      |                                    ~          ^
      |                                               )
../../nan/nan.h: In member function ‘v8::Local<T> _NanWeakCallbackData<T, P>::GetValue() const’:
../../nan/nan.h:662:20: error: missing template arguments before ‘(’ token
  662 |       return NanNew(info_->persistent);
      |                    ^
../../nan/nan.h: At global scope:
../../nan/nan.h:686:15: error: ‘WeakCallbackData’ in namespace ‘v8’ does not name a template type; did you mean ‘WeakCallbackType’?
  686 |     const v8::WeakCallbackData<T, _NanWeakCallbackInfo<T, P> > &data) {
      |               ^~~~~~~~~~~~~~~~
      |               WeakCallbackType
../../nan/nan.h:686:31: error: expected ‘,’ or ‘...’ before ‘<’ token
  686 |     const v8::WeakCallbackData<T, _NanWeakCallbackInfo<T, P> > &data) {
      |                               ^
../../nan/nan.h: In function ‘void _NanWeakCallbackDispatcher(int)’:
../../nan/nan.h:687:42: error: ‘data’ was not declared in this scope
  687 |       _NanWeakCallbackInfo<T, P> *info = data.GetParameter();
      |                                          ^~~~
../../nan/nan.h: At global scope:
../../nan/nan.h:35:21: warning: inline variables are only available with ‘-std=c++17’ or ‘-std=gnu++17’
   35 | # define NAN_INLINE inline __attribute__((always_inline))
      |                     ^~~~~~
../../nan/nan.h:701:1: note: in expansion of macro ‘NAN_INLINE’
  701 | NAN_INLINE _NanWeakCallbackInfo<T, P>* NanMakeWeakPersistent(
      | ^~~~~~~~~~
../../nan/nan.h:702:9: warning: ‘always_inline’ attribute ignored [-Wattributes]
  702 |     v8::Handle<T> handle
      |         ^~~~~~
../../nan/nan.h:702:9: error: ‘Handle’ is not a member of ‘v8’
../../nan/nan.h:702:17: error: expected primary-expression before ‘>’ token
  702 |     v8::Handle<T> handle
      |                 ^
../../nan/nan.h:702:19: error: ‘handle’ was not declared in this scope
  702 |     v8::Handle<T> handle
      |                   ^~~~~~
../../nan/nan.h:703:6: error: expected primary-expression before ‘*’ token
  703 |   , P* parameter
      |      ^
../../nan/nan.h:703:8: error: ‘parameter’ was not declared in this scope
  703 |   , P* parameter
      |        ^~~~~~~~~
../../nan/nan.h:704:51: error: expected ‘(’ before ‘callback’
  704 |   , typename _NanWeakCallbackInfo<T, P>::Callback callback) {
      |                                                   ^~~~~~~~
      |                                                   (
../../nan/nan.h:704:60: error: expected ‘;’ before ‘{’ token
  704 |   , typename _NanWeakCallbackInfo<T, P>::Callback callback) {
      |                                                            ^~
      |                                                            ;
../../nan/nan.h: In function ‘v8::Local<v8::Value> NanError(const char*)’:
../../nan/nan.h:715:63: error: no match for call to ‘(v8::Local<v8::String>) (const char*&)’
  715 | # define _NAN_ERROR(fun, errmsg) fun(NanNew<v8::String>(errmsg))
      |                                                               ^
../../nan/nan.h:724:13: note: in expansion of macro ‘_NAN_ERROR’
  724 |     return  _NAN_ERROR(v8::Exception::Error, errmsg);
      |             ^~~~~~~~~~
../../nan/nan.h: In function ‘void NanThrowError(const char*)’:
../../nan/nan.h:715:63: error: no match for call to ‘(v8::Local<v8::String>) (const char*&)’
  715 | # define _NAN_ERROR(fun, errmsg) fun(NanNew<v8::String>(errmsg))
      |                                                               ^
../../nan/nan.h:720:49: note: in expansion of macro ‘_NAN_ERROR’
  720 |       v8::Isolate::GetCurrent()->ThrowException(_NAN_ERROR(fun, errmsg));      \
      |                                                 ^~~~~~~~~~
../../nan/nan.h:728:5: note: in expansion of macro ‘_NAN_THROW_ERROR’
  728 |     _NAN_THROW_ERROR(v8::Exception::Error, errmsg);
      |     ^~~~~~~~~~~~~~~~
../../nan/nan.h: At global scope:
../../nan/nan.h:731:37: error: variable or field ‘NanThrowError’ declared void
  731 |   NAN_INLINE void NanThrowError(v8::Handle<v8::Value> error) {
      |                                     ^~~~~~
../../nan/nan.h:731:37: error: ‘Handle’ is not a member of ‘v8’
../../nan/nan.h:731:53: error: expected primary-expression before ‘>’ token
  731 |   NAN_INLINE void NanThrowError(v8::Handle<v8::Value> error) {
      |                                                     ^
../../nan/nan.h:731:55: error: ‘error’ was not declared in this scope; did you mean ‘herror’?
  731 |   NAN_INLINE void NanThrowError(v8::Handle<v8::Value> error) {
      |                                                       ^~~~~
      |                                                       herror
../../nan/nan.h: In function ‘v8::Local<v8::Value> NanError(const char*, int)’:
../../nan/nan.h:740:75: error: no match for call to ‘(v8::Local<v8::String>) (const char*&)’
  740 |     v8::Local<v8::Value> err = v8::Exception::Error(NanNew<v8::String>(msg));
      |                                                                           ^
../../nan/nan.h:742:39: error: no match for call to ‘(v8::Local<v8::String>) (const char [5])’
  742 |     obj->Set(NanNew<v8::String>("code"), NanNew<v8::Integer>(errorNumber));
      |                                       ^
../../nan/nan.h:742:73: error: no match for call to ‘(v8::Local<v8::Integer>) (const int&)’
  742 |     obj->Set(NanNew<v8::String>("code"), NanNew<v8::Integer>(errorNumber));
      |                                                                         ^
../../nan/nan.h: In function ‘void NanThrowError(const char*, int)’:
../../nan/nan.h:750:45: error: no matching function for call to ‘NanThrowError(v8::Local<v8::Value>)’
  750 |     NanThrowError(NanError(msg, errorNumber));
      |                                             ^
../../nan/nan.h:727:19: note: candidate: ‘void NanThrowError(const char*)’
  727 |   NAN_INLINE void NanThrowError(const char* errmsg) {
      |                   ^~~~~~~~~~~~~
../../nan/nan.h:727:45: note:   no known conversion for argument 1 from ‘v8::Local<v8::Value>’ to ‘const char*’
  727 |   NAN_INLINE void NanThrowError(const char* errmsg) {
      |                                 ~~~~~~~~~~~~^~~~~~
../../nan/nan.h:746:19: note: candidate: ‘void NanThrowError(const char*, int)’
  746 |   NAN_INLINE void NanThrowError(
      |                   ^~~~~~~~~~~~~
../../nan/nan.h:746:19: note:   candidate expects 2 arguments, 1 provided
../../nan/nan.h: In function ‘v8::Local<v8::Value> NanTypeError(const char*)’:
../../nan/nan.h:715:63: error: no match for call to ‘(v8::Local<v8::String>) (const char*&)’
  715 | # define _NAN_ERROR(fun, errmsg) fun(NanNew<v8::String>(errmsg))
      |                                                               ^
../../nan/nan.h:754:12: note: in expansion of macro ‘_NAN_ERROR’
  754 |     return _NAN_ERROR(v8::Exception::TypeError, errmsg);
      |            ^~~~~~~~~~
../../nan/nan.h: In function ‘void NanThrowTypeError(const char*)’:
../../nan/nan.h:715:63: error: no match for call to ‘(v8::Local<v8::String>) (const char*&)’
  715 | # define _NAN_ERROR(fun, errmsg) fun(NanNew<v8::String>(errmsg))
      |                                                               ^
../../nan/nan.h:720:49: note: in expansion of macro ‘_NAN_ERROR’
  720 |       v8::Isolate::GetCurrent()->ThrowException(_NAN_ERROR(fun, errmsg));      \
      |                                                 ^~~~~~~~~~
../../nan/nan.h:758:5: note: in expansion of macro ‘_NAN_THROW_ERROR’
  758 |     _NAN_THROW_ERROR(v8::Exception::TypeError, errmsg);
      |     ^~~~~~~~~~~~~~~~
../../nan/nan.h: In function ‘v8::Local<v8::Value> NanRangeError(const char*)’:
../../nan/nan.h:715:63: error: no match for call to ‘(v8::Local<v8::String>) (const char*&)’
  715 | # define _NAN_ERROR(fun, errmsg) fun(NanNew<v8::String>(errmsg))
      |                                                               ^
../../nan/nan.h:762:12: note: in expansion of macro ‘_NAN_ERROR’
  762 |     return _NAN_ERROR(v8::Exception::RangeError, errmsg);
      |            ^~~~~~~~~~
../../nan/nan.h: In function ‘void NanThrowRangeError(const char*)’:
../../nan/nan.h:715:63: error: no match for call to ‘(v8::Local<v8::String>) (const char*&)’
  715 | # define _NAN_ERROR(fun, errmsg) fun(NanNew<v8::String>(errmsg))
      |                                                               ^
../../nan/nan.h:720:49: note: in expansion of macro ‘_NAN_ERROR’
  720 |       v8::Isolate::GetCurrent()->ThrowException(_NAN_ERROR(fun, errmsg));      \
      |                                                 ^~~~~~~~~~
../../nan/nan.h:766:5: note: in expansion of macro ‘_NAN_THROW_ERROR’
  766 |     _NAN_THROW_ERROR(v8::Exception::RangeError, errmsg);
      |     ^~~~~~~~~~~~~~~~
../../nan/nan.h: At global scope:
../../nan/nan.h:778:13: error: ‘node::smalloc’ has not been declared
  778 |     , node::smalloc::FreeCallback callback
      |             ^~~~~~~
../../nan/nan.h:778:35: error: expected ‘,’ or ‘...’ before ‘callback’
  778 |     , node::smalloc::FreeCallback callback
      |                                   ^~~~~~~~
../../nan/nan.h: In function ‘v8::Local<v8::Object> NanNewBufferHandle(char*, size_t, int)’:
../../nan/nan.h:782:50: error: ‘callback’ was not declared in this scope; did you mean ‘calloc’?
  782 |         v8::Isolate::GetCurrent(), data, length, callback, hint);
      |                                                  ^~~~~~~~
      |                                                  calloc
../../nan/nan.h:782:60: error: ‘hint’ was not declared in this scope; did you mean ‘uint’?
  782 |         v8::Isolate::GetCurrent(), data, length, callback, hint);
      |                                                            ^~~~
      |                                                            uint
../../nan/nan.h: In function ‘v8::Local<v8::Object> NanNewBufferHandle(const char*, uint32_t)’:
../../nan/nan.h:789:57: error: invalid conversion from ‘const char*’ to ‘char*’ [-fpermissive]
  789 |     return node::Buffer::New(v8::Isolate::GetCurrent(), data, size);
      |                                                         ^~~~
      |                                                         |
      |                                                         const char*
In file included from ../src/bufferutil.cc:9:
/home/jpol/.cache/node-gyp/13.6.0/include/node/node_buffer.h:65:50: note:   initializing argument 2 of ‘v8::MaybeLocal<v8::Object> node::Buffer::New(v8::Isolate*, char*, size_t)’
   65 |                                            char* data,
      |                                            ~~~~~~^~~~
In file included from ../src/bufferutil.cc:15:
../../nan/nan.h:789:29: error: could not convert ‘node::Buffer::New(v8::Isolate::GetCurrent(), ((char*)data), ((size_t)size))’ from ‘v8::MaybeLocal<v8::Object>’ to ‘v8::Local<v8::Object>’
  789 |     return node::Buffer::New(v8::Isolate::GetCurrent(), data, size);
      |            ~~~~~~~~~~~~~~~~~^~~~~~~~~~~~~~~~~~~~~~~~~~~~~~~~~~~~~~~
      |                             |
      |                             v8::MaybeLocal<v8::Object>
../../nan/nan.h: In function ‘v8::Local<v8::Object> NanNewBufferHandle(uint32_t)’:
../../nan/nan.h:793:29: error: could not convert ‘node::Buffer::New(v8::Isolate::GetCurrent(), ((size_t)size))’ from ‘v8::MaybeLocal<v8::Object>’ to ‘v8::Local<v8::Object>’
  793 |     return node::Buffer::New(v8::Isolate::GetCurrent(), size);
      |            ~~~~~~~~~~~~~~~~~^~~~~~~~~~~~~~~~~~~~~~~~~~~~~~~~~
      |                             |
      |                             v8::MaybeLocal<v8::Object>
../../nan/nan.h: In function ‘v8::Local<v8::Object> NanBufferUse(char*, uint32_t)’:
../../nan/nan.h:800:26: error: ‘Use’ is not a member of ‘node::Buffer’
  800 |     return node::Buffer::Use(v8::Isolate::GetCurrent(), data, size);
      |                          ^~~
../../nan/nan.h: At global scope:
../../nan/nan.h:805:11: error: ‘v8::Handle’ has not been declared
  805 |     , v8::Handle<v8::Value> value
      |           ^~~~~~
../../nan/nan.h:805:17: error: expected ‘,’ or ‘...’ before ‘<’ token
  805 |     , v8::Handle<v8::Value> value
      |                 ^
../../nan/nan.h: In function ‘bool NanHasInstance(const v8::Persistent<v8::FunctionTemplate>&, int)’:
../../nan/nan.h:807:18: error: missing template arguments before ‘(’ token
  807 |     return NanNew(function_template)->HasInstance(value);
      |                  ^
../../nan/nan.h:807:51: error: ‘value’ was not declared in this scope
  807 |     return NanNew(function_template)->HasInstance(value);
      |                                                   ^~~~~
../../nan/nan.h: At global scope:
../../nan/nan.h:812:11: error: ‘v8::Handle’ has not been declared
  812 |     , v8::Handle<v8::ObjectTemplate> tmpl = v8::Handle<v8::ObjectTemplate>()
      |           ^~~~~~
../../nan/nan.h:812:17: error: expected ‘,’ or ‘...’ before ‘<’ token
  812 |     , v8::Handle<v8::ObjectTemplate> tmpl = v8::Handle<v8::ObjectTemplate>()
      |                 ^
../../nan/nan.h:812:7: error: default argument missing for parameter 2 of ‘v8::Local<v8::Context> NanNewContextHandle(v8::ExtensionConfiguration*, int)’
  812 |     , v8::Handle<v8::ObjectTemplate> tmpl = v8::Handle<v8::ObjectTemplate>()
      |       ^~~~~~~~~~
../../nan/nan.h:811:35: note: ...following parameter 1 which has a default argument
  811 |       v8::ExtensionConfiguration* extensions = NULL
      |                                   ^
../../nan/nan.h: In function ‘v8::Local<v8::Context> NanNewContextHandle(v8::ExtensionConfiguration*, int)’:
../../nan/nan.h:818:47: error: ‘tmpl’ was not declared in this scope; did you mean ‘tm’?
  818 |       , v8::Context::New(isolate, extensions, tmpl, obj)
      |                                               ^~~~
      |                                               tm
../../nan/nan.h:818:53: error: ‘obj’ was not declared in this scope
  818 |       , v8::Context::New(isolate, extensions, tmpl, obj)
      |                                                     ^~~
../../nan/nan.h: In function ‘v8::Local<v8::Script> NanCompileScript(v8::Local<v8::String>, const v8::ScriptOrigin&)’:
../../nan/nan.h:827:74: error: no matching function for call to ‘v8::ScriptCompiler::Compile(v8::Isolate*, v8::ScriptCompiler::Source*)’
  827 |     return v8::ScriptCompiler::Compile(v8::Isolate::GetCurrent(), &source);
      |                                                                          ^
In file included from ../src/bufferutil.cc:7:
/home/jpol/.cache/node-gyp/13.6.0/include/node/v8.h:1843:51: note: candidate: ‘static v8::MaybeLocal<v8::Script> v8::ScriptCompiler::Compile(v8::Local<v8::Context>, v8::ScriptCompiler::Source*, v8::ScriptCompiler::CompileOptions, v8::ScriptCompiler::NoCacheReason)’
 1843 |   static V8_WARN_UNUSED_RESULT MaybeLocal<Script> Compile(
      |                                                   ^~~~~~~
/home/jpol/.cache/node-gyp/13.6.0/include/node/v8.h:1844:22: note:   no known conversion for argument 1 from ‘v8::Isolate*’ to ‘v8::Local<v8::Context>’
 1844 |       Local<Context> context, Source* source,
      |       ~~~~~~~~~~~~~~~^~~~~~~
/home/jpol/.cache/node-gyp/13.6.0/include/node/v8.h:1870:51: note: candidate: ‘static v8::MaybeLocal<v8::Script> v8::ScriptCompiler::Compile(v8::Local<v8::Context>, v8::ScriptCompiler::StreamedSource*, v8::Local<v8::String>, const v8::ScriptOrigin&)’
 1870 |   static V8_WARN_UNUSED_RESULT MaybeLocal<Script> Compile(
      |                                                   ^~~~~~~
/home/jpol/.cache/node-gyp/13.6.0/include/node/v8.h:1870:51: note:   candidate expects 4 arguments, 2 provided
In file included from ../src/bufferutil.cc:15:
../../nan/nan.h: In function ‘v8::Local<v8::Script> NanCompileScript(v8::Local<v8::String>)’:
../../nan/nan.h:834:74: error: no matching function for call to ‘v8::ScriptCompiler::Compile(v8::Isolate*, v8::ScriptCompiler::Source*)’
  834 |     return v8::ScriptCompiler::Compile(v8::Isolate::GetCurrent(), &source);
      |                                                                          ^
In file included from ../src/bufferutil.cc:7:
/home/jpol/.cache/node-gyp/13.6.0/include/node/v8.h:1843:51: note: candidate: ‘static v8::MaybeLocal<v8::Script> v8::ScriptCompiler::Compile(v8::Local<v8::Context>, v8::ScriptCompiler::Source*, v8::ScriptCompiler::CompileOptions, v8::ScriptCompiler::NoCacheReason)’
 1843 |   static V8_WARN_UNUSED_RESULT MaybeLocal<Script> Compile(
      |                                                   ^~~~~~~
/home/jpol/.cache/node-gyp/13.6.0/include/node/v8.h:1844:22: note:   no known conversion for argument 1 from ‘v8::Isolate*’ to ‘v8::Local<v8::Context>’
 1844 |       Local<Context> context, Source* source,
      |       ~~~~~~~~~~~~~~~^~~~~~~
/home/jpol/.cache/node-gyp/13.6.0/include/node/v8.h:1870:51: note: candidate: ‘static v8::MaybeLocal<v8::Script> v8::ScriptCompiler::Compile(v8::Local<v8::Context>, v8::ScriptCompiler::StreamedSource*, v8::Local<v8::String>, const v8::ScriptOrigin&)’
 1870 |   static V8_WARN_UNUSED_RESULT MaybeLocal<Script> Compile(
      |                                                   ^~~~~~~
/home/jpol/.cache/node-gyp/13.6.0/include/node/v8.h:1870:51: note:   candidate expects 4 arguments, 2 provided
In file included from ../src/bufferutil.cc:15:
../../nan/nan.h: At global scope:
../../nan/nan.h:35:21: warning: inline variables are only available with ‘-std=c++17’ or ‘-std=gnu++17’
   35 | # define NAN_INLINE inline __attribute__((always_inline))
      |                     ^~~~~~
../../nan/nan.h:837:3: note: in expansion of macro ‘NAN_INLINE’
  837 |   NAN_INLINE v8::Local<v8::Value> NanRunScript(
      |   ^~~~~~~~~~
../../nan/nan.h:838:11: warning: ‘always_inline’ attribute ignored [-Wattributes]
  838 |       v8::Handle<NanUnboundScript> script
      |           ^~~~~~
../../nan/nan.h:838:11: error: ‘Handle’ is not a member of ‘v8’
../../nan/nan.h:838:34: error: expected primary-expression before ‘>’ token
  838 |       v8::Handle<NanUnboundScript> script
      |                                  ^
../../nan/nan.h:838:36: error: ‘script’ was not declared in this scope
  838 |       v8::Handle<NanUnboundScript> script
      |                                    ^~~~~~
../../nan/nan.h:839:5: error: expected ‘,’ or ‘;’ before ‘{’ token
  839 |   ) {
      |     ^
../../nan/nan.h:35:21: warning: inline variables are only available with ‘-std=c++17’ or ‘-std=gnu++17’
   35 | # define NAN_INLINE inline __attribute__((always_inline))
      |                     ^~~~~~
../../nan/nan.h:843:3: note: in expansion of macro ‘NAN_INLINE’
  843 |   NAN_INLINE v8::Local<v8::Value> NanRunScript(
      |   ^~~~~~~~~~
../../nan/nan.h:844:11: warning: ‘always_inline’ attribute ignored [-Wattributes]
  844 |       v8::Handle<NanBoundScript> script
      |           ^~~~~~
../../nan/nan.h:843:35: error: redefinition of ‘v8::Local<v8::Value> NanRunScript’
  843 |   NAN_INLINE v8::Local<v8::Value> NanRunScript(
      |                                   ^~~~~~~~~~~~
../../nan/nan.h:837:35: note: ‘v8::Local<v8::Value> NanRunScript’ previously declared here
  837 |   NAN_INLINE v8::Local<v8::Value> NanRunScript(
      |                                   ^~~~~~~~~~~~
../../nan/nan.h:844:11: error: ‘Handle’ is not a member of ‘v8’
  844 |       v8::Handle<NanBoundScript> script
      |           ^~~~~~
../../nan/nan.h:844:32: error: expected primary-expression before ‘>’ token
  844 |       v8::Handle<NanBoundScript> script
      |                                ^
../../nan/nan.h:844:34: error: ‘script’ was not declared in this scope
  844 |       v8::Handle<NanBoundScript> script
      |                                  ^~~~~~
../../nan/nan.h:35:21: warning: inline variables are only available with ‘-std=c++17’ or ‘-std=gnu++17’
   35 | # define NAN_INLINE inline __attribute__((always_inline))
      |                     ^~~~~~
../../nan/nan.h:849:3: note: in expansion of macro ‘NAN_INLINE’
  849 |   NAN_INLINE v8::Local<v8::Value> NanMakeCallback(
      |   ^~~~~~~~~~
../../nan/nan.h:850:11: warning: ‘always_inline’ attribute ignored [-Wattributes]
  850 |       v8::Handle<v8::Object> target
      |           ^~~~~~
../../nan/nan.h:850:11: error: ‘Handle’ is not a member of ‘v8’
../../nan/nan.h:850:28: error: expected primary-expression before ‘>’ token
  850 |       v8::Handle<v8::Object> target
      |                            ^
../../nan/nan.h:850:30: error: ‘target’ was not declared in this scope
  850 |       v8::Handle<v8::Object> target
      |                              ^~~~~~
../../nan/nan.h:851:11: error: ‘Handle’ is not a member of ‘v8’
  851 |     , v8::Handle<v8::Function> func
      |           ^~~~~~
../../nan/nan.h:851:30: error: expected primary-expression before ‘>’ token
  851 |     , v8::Handle<v8::Function> func
      |                              ^
../../nan/nan.h:851:32: error: ‘func’ was not declared in this scope
  851 |     , v8::Handle<v8::Function> func
      |                                ^~~~
../../nan/nan.h:852:7: error: expected primary-expression before ‘int’
  852 |     , int argc
      |       ^~~
../../nan/nan.h:853:11: error: ‘Handle’ is not a member of ‘v8’
  853 |     , v8::Handle<v8::Value>* argv) {
      |           ^~~~~~
../../nan/nan.h:853:27: error: expected primary-expression before ‘>’ token
  853 |     , v8::Handle<v8::Value>* argv) {
      |                           ^
../../nan/nan.h:853:30: error: ‘argv’ was not declared in this scope
  853 |     , v8::Handle<v8::Value>* argv) {
      |                              ^~~~
../../nan/nan.h:853:36: error: expected ‘,’ or ‘;’ before ‘{’ token
  853 |     , v8::Handle<v8::Value>* argv) {
      |                                    ^
../../nan/nan.h:35:21: warning: inline variables are only available with ‘-std=c++17’ or ‘-std=gnu++17’
   35 | # define NAN_INLINE inline __attribute__((always_inline))
      |                     ^~~~~~
../../nan/nan.h:858:3: note: in expansion of macro ‘NAN_INLINE’
  858 |   NAN_INLINE v8::Local<v8::Value> NanMakeCallback(
      |   ^~~~~~~~~~
../../nan/nan.h:859:11: warning: ‘always_inline’ attribute ignored [-Wattributes]
  859 |       v8::Handle<v8::Object> target
      |           ^~~~~~
../../nan/nan.h:858:35: error: redefinition of ‘v8::Local<v8::Value> NanMakeCallback’
  858 |   NAN_INLINE v8::Local<v8::Value> NanMakeCallback(
      |                                   ^~~~~~~~~~~~~~~
../../nan/nan.h:849:35: note: ‘v8::Local<v8::Value> NanMakeCallback’ previously declared here
  849 |   NAN_INLINE v8::Local<v8::Value> NanMakeCallback(
      |                                   ^~~~~~~~~~~~~~~
../../nan/nan.h:859:11: error: ‘Handle’ is not a member of ‘v8’
  859 |       v8::Handle<v8::Object> target
      |           ^~~~~~
../../nan/nan.h:859:28: error: expected primary-expression before ‘>’ token
  859 |       v8::Handle<v8::Object> target
      |                            ^
../../nan/nan.h:859:30: error: ‘target’ was not declared in this scope
  859 |       v8::Handle<v8::Object> target
      |                              ^~~~~~
../../nan/nan.h:860:11: error: ‘Handle’ is not a member of ‘v8’
  860 |     , v8::Handle<v8::String> symbol
      |           ^~~~~~
../../nan/nan.h:860:28: error: expected primary-expression before ‘>’ token
  860 |     , v8::Handle<v8::String> symbol
      |                            ^
../../nan/nan.h:860:30: error: ‘symbol’ was not declared in this scope
  860 |     , v8::Handle<v8::String> symbol
      |                              ^~~~~~
../../nan/nan.h:861:7: error: expected primary-expression before ‘int’
  861 |     , int argc
      |       ^~~
../../nan/nan.h:862:11: error: ‘Handle’ is not a member of ‘v8’
  862 |     , v8::Handle<v8::Value>* argv) {
      |           ^~~~~~
../../nan/nan.h:862:27: error: expected primary-expression before ‘>’ token
  862 |     , v8::Handle<v8::Value>* argv) {
      |                           ^
../../nan/nan.h:862:30: error: ‘argv’ was not declared in this scope
  862 |     , v8::Handle<v8::Value>* argv) {
      |                              ^~~~
../../nan/nan.h:35:21: warning: inline variables are only available with ‘-std=c++17’ or ‘-std=gnu++17’
   35 | # define NAN_INLINE inline __attribute__((always_inline))
      |                     ^~~~~~
../../nan/nan.h:867:3: note: in expansion of macro ‘NAN_INLINE’
  867 |   NAN_INLINE v8::Local<v8::Value> NanMakeCallback(
      |   ^~~~~~~~~~
../../nan/nan.h:868:11: warning: ‘always_inline’ attribute ignored [-Wattributes]
  868 |       v8::Handle<v8::Object> target
      |           ^~~~~~
../../nan/nan.h:867:35: error: redefinition of ‘v8::Local<v8::Value> NanMakeCallback’
  867 |   NAN_INLINE v8::Local<v8::Value> NanMakeCallback(
      |                                   ^~~~~~~~~~~~~~~
../../nan/nan.h:849:35: note: ‘v8::Local<v8::Value> NanMakeCallback’ previously declared here
  849 |   NAN_INLINE v8::Local<v8::Value> NanMakeCallback(
      |                                   ^~~~~~~~~~~~~~~
../../nan/nan.h:868:11: error: ‘Handle’ is not a member of ‘v8’
  868 |       v8::Handle<v8::Object> target
      |           ^~~~~~
../../nan/nan.h:868:28: error: expected primary-expression before ‘>’ token
  868 |       v8::Handle<v8::Object> target
      |                            ^
../../nan/nan.h:868:30: error: ‘target’ was not declared in this scope
  868 |       v8::Handle<v8::Object> target
      |                              ^~~~~~
../../nan/nan.h:869:7: error: expected primary-expression before ‘const’
  869 |     , const char* method
      |       ^~~~~
../../nan/nan.h:870:7: error: expected primary-expression before ‘int’
  870 |     , int argc
      |       ^~~
../../nan/nan.h:871:11: error: ‘Handle’ is not a member of ‘v8’
  871 |     , v8::Handle<v8::Value>* argv) {
      |           ^~~~~~
../../nan/nan.h:871:27: error: expected primary-expression before ‘>’ token
  871 |     , v8::Handle<v8::Value>* argv) {
      |                           ^
../../nan/nan.h:871:30: error: ‘argv’ was not declared in this scope
  871 |     , v8::Handle<v8::Value>* argv) {
      |                              ^~~~
../../nan/nan.h:893:50: error: expected ‘)’ before ‘<’ token
  893 |     NAN_INLINE explicit NanAsciiString(v8::Handle<v8::Value> from) {
      |                                       ~          ^
      |                                                  )
../../nan/nan.h:927:49: error: expected ‘)’ before ‘<’ token
  927 |     NAN_INLINE explicit NanUtf8String(v8::Handle<v8::Value> from) {
      |                                      ~          ^
      |                                                 )
../../nan/nan.h:960:49: error: expected ‘)’ before ‘<’ token
  960 |     NAN_INLINE explicit NanUcs2String(v8::Handle<v8::Value> from) {
      |                                      ~          ^
      |                                                 )
../../nan/nan.h:1878:34: error: ‘Handle’ in namespace ‘v8’ does not name a template type
 1878 |   explicit NanCallback(const v8::Handle<v8::Function> &fn) {
      |                                  ^~~~~~
../../nan/nan.h:1878:40: error: expected ‘,’ or ‘...’ before ‘<’ token
 1878 |   explicit NanCallback(const v8::Handle<v8::Function> &fn) {
      |                                        ^
../../nan/nan.h:1890:41: error: ‘Handle’ in namespace ‘v8’ does not name a template type
 1890 |   NAN_INLINE void SetFunction(const v8::Handle<v8::Function> &fn) {
      |                                         ^~~~~~
../../nan/nan.h:1890:47: error: expected ‘,’ or ‘...’ before ‘<’ token
 1890 |   NAN_INLINE void SetFunction(const v8::Handle<v8::Function> &fn) {
      |                                               ^
../../nan/nan.h:1906:7: error: ‘Handle’ in namespace ‘v8’ does not name a template type
 1906 |   v8::Handle<v8::Value> Call(int argc, v8::Handle<v8::Value> argv[]) const {
      |       ^~~~~~
../../nan/nan.h: In constructor ‘NanCallback::NanCallback()’:
../../nan/nan.h:1874:52: error: no match for call to ‘(v8::Local<v8::Object>) ()’
 1874 |     v8::Local<v8::Object> obj = NanNew<v8::Object>();
      |                                                    ^
../../nan/nan.h:1875:36: error: no matching function for call to ‘NanAssignPersistent(v8::Persistent<v8::Object>&, v8::Local<v8::Object>&)’
 1875 |     NanAssignPersistent(handle, obj);
      |                                    ^
../../nan/nan.h:622:19: note: candidate: ‘template<class T> void NanAssignPersistent(v8::Persistent<T, v8::NonCopyablePersistentTraits<T> >&, int)’
  622 |   NAN_INLINE void NanAssignPersistent(
      |                   ^~~~~~~~~~~~~~~~~~~
../../nan/nan.h:622:19: note:   template argument deduction/substitution failed:
../../nan/nan.h:1875:33: note:   cannot convert ‘obj’ (type ‘v8::Local<v8::Object>’) to type ‘int’
 1875 |     NanAssignPersistent(handle, obj);
      |                                 ^~~
../../nan/nan.h:629:19: note: candidate: ‘template<class T> void NanAssignPersistent(v8::Persistent<T, v8::NonCopyablePersistentTraits<T> >&, const v8::Persistent<T, v8::NonCopyablePersistentTraits<T> >&)’
  629 |   NAN_INLINE void NanAssignPersistent(
      |                   ^~~~~~~~~~~~~~~~~~~
../../nan/nan.h:629:19: note:   template argument deduction/substitution failed:
../../nan/nan.h:1875:36: note:   ‘v8::Local<v8::Object>’ is not derived from ‘const v8::Persistent<T, v8::NonCopyablePersistentTraits<T> >’
 1875 |     NanAssignPersistent(handle, obj);
      |                                    ^
../../nan/nan.h: In constructor ‘NanCallback::NanCallback(int)’:
../../nan/nan.h:1880:52: error: no match for call to ‘(v8::Local<v8::Object>) ()’
 1880 |     v8::Local<v8::Object> obj = NanNew<v8::Object>();
      |                                                    ^
../../nan/nan.h:1881:36: error: no matching function for call to ‘NanAssignPersistent(v8::Persistent<v8::Object>&, v8::Local<v8::Object>&)’
 1881 |     NanAssignPersistent(handle, obj);
      |                                    ^
../../nan/nan.h:622:19: note: candidate: ‘template<class T> void NanAssignPersistent(v8::Persistent<T, v8::NonCopyablePersistentTraits<T> >&, int)’
  622 |   NAN_INLINE void NanAssignPersistent(
      |                   ^~~~~~~~~~~~~~~~~~~
../../nan/nan.h:622:19: note:   template argument deduction/substitution failed:
../../nan/nan.h:1881:33: note:   cannot convert ‘obj’ (type ‘v8::Local<v8::Object>’) to type ‘int’
 1881 |     NanAssignPersistent(handle, obj);
      |                                 ^~~
../../nan/nan.h:629:19: note: candidate: ‘template<class T> void NanAssignPersistent(v8::Persistent<T, v8::NonCopyablePersistentTraits<T> >&, const v8::Persistent<T, v8::NonCopyablePersistentTraits<T> >&)’
  629 |   NAN_INLINE void NanAssignPersistent(
      |                   ^~~~~~~~~~~~~~~~~~~
../../nan/nan.h:629:19: note:   template argument deduction/substitution failed:
../../nan/nan.h:1881:36: note:   ‘v8::Local<v8::Object>’ is not derived from ‘const v8::Persistent<T, v8::NonCopyablePersistentTraits<T> >’
 1881 |     NanAssignPersistent(handle, obj);
      |                                    ^
../../nan/nan.h:1882:17: error: ‘fn’ was not declared in this scope
 1882 |     SetFunction(fn);
      |                 ^~
../../nan/nan.h: In member function ‘void NanCallback::SetFunction(int)’:
../../nan/nan.h:1892:11: error: missing template arguments before ‘(’ token
 1892 |     NanNew(handle)->Set(kCallbackIndex, fn);
      |           ^
../../nan/nan.h:1892:41: error: ‘fn’ was not declared in this scope
 1892 |     NanNew(handle)->Set(kCallbackIndex, fn);
      |                                         ^~
../../nan/nan.h: In member function ‘v8::Local<v8::Function> NanCallback::GetFunction() const’:
../../nan/nan.h:517:58: error: missing template arguments before ‘(’ token
  517 | # define NanEscapeScope(val) scope.Escape(_NanEnsureLocal(val))
      |                                                          ^
../../nan/nan.h:1897:12: note: in expansion of macro ‘NanEscapeScope’
 1897 |     return NanEscapeScope(NanNew(handle)->Get(kCallbackIndex)
      |            ^~~~~~~~~~~~~~
../../nan/nan.h:1897:33: error: missing template arguments before ‘(’ token
 1897 |     return NanEscapeScope(NanNew(handle)->Get(kCallbackIndex)
      |                                 ^
../../nan/nan.h:517:59: note: in definition of macro ‘NanEscapeScope’
  517 | # define NanEscapeScope(val) scope.Escape(_NanEnsureLocal(val))
      |                                                           ^~~
../../nan/nan.h:1898:25: error: expected primary-expression before ‘>’ token
 1898 |         .As<v8::Function>());
      |                         ^
../../nan/nan.h:517:59: note: in definition of macro ‘NanEscapeScope’
  517 | # define NanEscapeScope(val) scope.Escape(_NanEnsureLocal(val))
      |                                                           ^~~
../../nan/nan.h:1898:27: error: expected primary-expression before ‘)’ token
 1898 |         .As<v8::Function>());
      |                           ^
../../nan/nan.h:517:59: note: in definition of macro ‘NanEscapeScope’
  517 | # define NanEscapeScope(val) scope.Escape(_NanEnsureLocal(val))
      |                                                           ^~~
../../nan/nan.h: In member function ‘bool NanCallback::IsEmpty() const’:
../../nan/nan.h:1903:18: error: missing template arguments before ‘(’ token
 1903 |     return NanNew(handle)->Get(kCallbackIndex)->IsUndefined();
      |                  ^
../../nan/nan.h: In constructor ‘NanAsyncWorker::NanAsyncWorker(NanCallback*)’:
../../nan/nan.h:1950:52: error: no match for call to ‘(v8::Local<v8::Object>) ()’
 1950 |     v8::Local<v8::Object> obj = NanNew<v8::Object>();
      |                                                    ^
../../nan/nan.h:1951:46: error: no matching function for call to ‘NanAssignPersistent(v8::Persistent<v8::Object>&, v8::Local<v8::Object>&)’
 1951 |     NanAssignPersistent(persistentHandle, obj);
      |                                              ^
../../nan/nan.h:622:19: note: candidate: ‘template<class T> void NanAssignPersistent(v8::Persistent<T, v8::NonCopyablePersistentTraits<T> >&, int)’
  622 |   NAN_INLINE void NanAssignPersistent(
      |                   ^~~~~~~~~~~~~~~~~~~
../../nan/nan.h:622:19: note:   template argument deduction/substitution failed:
../../nan/nan.h:1951:43: note:   cannot convert ‘obj’ (type ‘v8::Local<v8::Object>’) to type ‘int’
 1951 |     NanAssignPersistent(persistentHandle, obj);
      |                                           ^~~
../../nan/nan.h:629:19: note: candidate: ‘template<class T> void NanAssignPersistent(v8::Persistent<T, v8::NonCopyablePersistentTraits<T> >&, const v8::Persistent<T, v8::NonCopyablePersistentTraits<T> >&)’
  629 |   NAN_INLINE void NanAssignPersistent(
      |                   ^~~~~~~~~~~~~~~~~~~
../../nan/nan.h:629:19: note:   template argument deduction/substitution failed:
../../nan/nan.h:1951:46: note:   ‘v8::Local<v8::Object>’ is not derived from ‘const v8::Persistent<T, v8::NonCopyablePersistentTraits<T> >’
 1951 |     NanAssignPersistent(persistentHandle, obj);
      |                                              ^
../../nan/nan.h: In member function ‘void NanAsyncWorker::SaveToPersistent(const char*, const v8::Local<v8::Object>&)’:
../../nan/nan.h:1978:42: error: missing template arguments before ‘(’ token
 1978 |     v8::Local<v8::Object> handle = NanNew(persistentHandle);
      |                                          ^
../../nan/nan.h:1979:39: error: no match for call to ‘(v8::Local<v8::String>) (const char*&)’
 1979 |     handle->Set(NanNew<v8::String>(key), obj);
      |                                       ^
../../nan/nan.h: In member function ‘v8::Local<v8::Object> NanAsyncWorker::GetFromPersistent(const char*) const’:
../../nan/nan.h:1984:42: error: missing template arguments before ‘(’ token
 1984 |     v8::Local<v8::Object> handle = NanNew(persistentHandle);
      |                                          ^
../../nan/nan.h:517:58: error: missing template arguments before ‘(’ token
  517 | # define NanEscapeScope(val) scope.Escape(_NanEnsureLocal(val))
      |                                                          ^
../../nan/nan.h:1985:12: note: in expansion of macro ‘NanEscapeScope’
 1985 |     return NanEscapeScope(handle->Get(NanNew(key)).As<v8::Object>());
      |            ^~~~~~~~~~~~~~
../../nan/nan.h:1985:45: error: missing template arguments before ‘(’ token
 1985 |     return NanEscapeScope(handle->Get(NanNew(key)).As<v8::Object>());
      |                                             ^
../../nan/nan.h:517:59: note: in definition of macro ‘NanEscapeScope’
  517 | # define NanEscapeScope(val) scope.Escape(_NanEnsureLocal(val))
      |                                                           ^~~
../../nan/nan.h:1985:65: error: expected primary-expression before ‘>’ token
 1985 |     return NanEscapeScope(handle->Get(NanNew(key)).As<v8::Object>());
      |                                                                 ^
../../nan/nan.h:517:59: note: in definition of macro ‘NanEscapeScope’
  517 | # define NanEscapeScope(val) scope.Escape(_NanEnsureLocal(val))
      |                                                           ^~~
../../nan/nan.h:1985:67: error: expected primary-expression before ‘)’ token
 1985 |     return NanEscapeScope(handle->Get(NanNew(key)).As<v8::Object>());
      |                                                                   ^
../../nan/nan.h:517:59: note: in definition of macro ‘NanEscapeScope’
  517 | # define NanEscapeScope(val) scope.Escape(_NanEnsureLocal(val))
      |                                                           ^~~
../../nan/nan.h: In member function ‘virtual void NanAsyncWorker::HandleOKCallback()’:
../../nan/nan.h:1997:15: error: ‘class NanCallback’ has no member named ‘Call’
 1997 |     callback->Call(0, NULL);
      |               ^~~~
../../nan/nan.h: In member function ‘virtual void NanAsyncWorker::HandleErrorCallback()’:
../../nan/nan.h:2004:63: error: no match for call to ‘(v8::Local<v8::String>) (const char*)’
 2004 |         v8::Exception::Error(NanNew<v8::String>(ErrorMessage()))
      |                                                               ^
../../nan/nan.h:2006:15: error: ‘class NanCallback’ has no member named ‘Call’
 2006 |     callback->Call(1, argv);
      |               ^~~~
../../nan/nan.h: In function ‘void NanAsyncQueueWorker(NanAsyncWorker*)’:
../../nan/nan.h:2043:25: warning: cast between incompatible function types from ‘void (*)(uv_work_t*)’ {aka ‘void (*)(uv_work_s*)’} to ‘uv_after_work_cb’ {aka ‘void (*)(uv_work_s*, int)’} [-Wcast-function-type]
 2043 |     , (uv_after_work_cb)NanAsyncExecuteComplete
      |                         ^~~~~~~~~~~~~~~~~~~~~~~
../../nan/nan.h: At global scope:
../../nan/nan.h:2176:9: error: ‘Handle’ is not a member of ‘v8’
 2176 |     v8::Handle<v8::Value> val
      |         ^~~~~~
../../nan/nan.h:2176:25: error: expected primary-expression before ‘>’ token
 2176 |     v8::Handle<v8::Value> val
      |                         ^
../../nan/nan.h:2176:27: error: ‘val’ was not declared in this scope
 2176 |     v8::Handle<v8::Value> val
      |                           ^~~
../../nan/nan.h:2177:5: error: expected primary-expression before ‘const’
 2177 |   , const char** data
      |     ^~~~~
../../nan/nan.h:2178:11: error: expected primary-expression before ‘*’ token
 2178 |   , size_t* len
      |           ^
../../nan/nan.h:2178:13: error: ‘len’ was not declared in this scope
 2178 |   , size_t* len
      |             ^~~
../../nan/nan.h:2179:1: error: expression list treated as compound expression in initializer [-fpermissive]
 2179 | ) {
      | ^
../../nan/nan.h:35:21: warning: inline variables are only available with ‘-std=c++17’ or ‘-std=gnu++17’
   35 | # define NAN_INLINE inline __attribute__((always_inline))
      |                     ^~~~~~
../../nan/nan.h:2222:22: note: in expansion of macro ‘NAN_INLINE’
 2222 | /* NAN_DEPRECATED */ NAN_INLINE void* _NanRawString(
      |                      ^~~~~~~~~~
../../nan/nan.h:2223:9: warning: ‘always_inline’ attribute ignored [-Wattributes]
 2223 |     v8::Handle<v8::Value> from
      |         ^~~~~~
../../nan/nan.h:2223:9: error: ‘Handle’ is not a member of ‘v8’
../../nan/nan.h:2223:25: error: expected primary-expression before ‘>’ token
 2223 |     v8::Handle<v8::Value> from
      |                         ^
../../nan/nan.h:2223:27: error: ‘from’ was not declared in this scope
 2223 |     v8::Handle<v8::Value> from
      |                           ^~~~
../../nan/nan.h:2224:5: error: expected primary-expression before ‘enum’
 2224 |   , enum Nan::Encoding encoding
      |     ^~~~
../../nan/nan.h:2225:12: error: expected primary-expression before ‘*’ token
 2225 |   , size_t *datalen
      |            ^
../../nan/nan.h:2225:13: error: ‘datalen’ was not declared in this scope
 2225 |   , size_t *datalen
      |             ^~~~~~~
../../nan/nan.h:2226:5: error: expected primary-expression before ‘void’
 2226 |   , void *buf
      |     ^~~~
../../nan/nan.h:2227:12: error: expected primary-expression before ‘buflen’
 2227 |   , size_t buflen
      |            ^~~~~~
../../nan/nan.h:2228:5: error: expected primary-expression before ‘int’
 2228 |   , int flags
      |     ^~~
../../nan/nan.h:2229:1: error: expression list treated as compound expression in initializer [-fpermissive]
 2229 | ) {
      | ^
../../nan/nan.h:35:21: warning: inline variables are only available with ‘-std=c++17’ or ‘-std=gnu++17’
   35 | # define NAN_INLINE inline __attribute__((always_inline))
      |                     ^~~~~~
../../nan/nan.h:2370:16: note: in expansion of macro ‘NAN_INLINE’
 2370 | NAN_DEPRECATED NAN_INLINE void* NanRawString(
      |                ^~~~~~~~~~
../../nan/nan.h:2371:9: warning: ‘always_inline’ attribute ignored [-Wattributes]
 2371 |     v8::Handle<v8::Value> from
      |         ^~~~~~
../../nan/nan.h:2371:9: error: ‘Handle’ is not a member of ‘v8’
../../nan/nan.h:2371:25: error: expected primary-expression before ‘>’ token
 2371 |     v8::Handle<v8::Value> from
      |                         ^
../../nan/nan.h:2371:27: error: ‘from’ was not declared in this scope
 2371 |     v8::Handle<v8::Value> from
      |                           ^~~~
../../nan/nan.h:2372:5: error: expected primary-expression before ‘enum’
 2372 |   , enum Nan::Encoding encoding
      |     ^~~~
../../nan/nan.h:2373:12: error: expected primary-expression before ‘*’ token
 2373 |   , size_t *datalen
      |            ^
../../nan/nan.h:2373:13: error: ‘datalen’ was not declared in this scope
 2373 |   , size_t *datalen
      |             ^~~~~~~
../../nan/nan.h:2374:5: error: expected primary-expression before ‘void’
 2374 |   , void *buf
      |     ^~~~
../../nan/nan.h:2375:12: error: expected primary-expression before ‘buflen’
 2375 |   , size_t buflen
      |            ^~~~~~
../../nan/nan.h:2376:5: error: expected primary-expression before ‘int’
 2376 |   , int flags
      |     ^~~
../../nan/nan.h:2377:1: error: expression list treated as compound expression in initializer [-fpermissive]
 2377 | ) {
      | ^
../../nan/nan.h:35:21: warning: inline variables are only available with ‘-std=c++17’ or ‘-std=gnu++17’
   35 | # define NAN_INLINE inline __attribute__((always_inline))
      |                     ^~~~~~
../../nan/nan.h:2382:16: note: in expansion of macro ‘NAN_INLINE’
 2382 | NAN_DEPRECATED NAN_INLINE char* NanCString(
      |                ^~~~~~~~~~
../../nan/nan.h:2383:9: warning: ‘always_inline’ attribute ignored [-Wattributes]
 2383 |     v8::Handle<v8::Value> from
      |         ^~~~~~
../../nan/nan.h:2383:9: error: ‘Handle’ is not a member of ‘v8’
../../nan/nan.h:2383:25: error: expected primary-expression before ‘>’ token
 2383 |     v8::Handle<v8::Value> from
      |                         ^
../../nan/nan.h:2383:27: error: ‘from’ was not declared in this scope
 2383 |     v8::Handle<v8::Value> from
      |                           ^~~~
../../nan/nan.h:2384:12: error: expected primary-expression before ‘*’ token
 2384 |   , size_t *datalen
      |            ^
../../nan/nan.h:2384:13: error: ‘datalen’ was not declared in this scope
 2384 |   , size_t *datalen
      |             ^~~~~~~
../../nan/nan.h:2385:5: error: expected primary-expression before ‘char’
 2385 |   , char *buf = NULL
      |     ^~~~
../../nan/nan.h:2386:12: error: expected primary-expression before ‘buflen’
 2386 |   , size_t buflen = 0
      |            ^~~~~~
../../nan/nan.h:2387:5: error: expected primary-expression before ‘int’
 2387 |   , int flags = v8::String::NO_OPTIONS
      |     ^~~
../../nan/nan.h:2388:1: error: expression list treated as compound expression in initializer [-fpermissive]
 2388 | ) {
      | ^
../../nan/nan.h:2397:9: error: ‘v8::Handle’ has not been declared
 2397 |   , v8::Handle<v8::Data> value
      |         ^~~~~~
../../nan/nan.h:2397:15: error: expected ‘,’ or ‘...’ before ‘<’ token
 2397 |   , v8::Handle<v8::Data> value
      |               ^
../../nan/nan.h: In function ‘void NanSetPrototypeTemplate(v8::Local<v8::FunctionTemplate>, const char*, int)’:
../../nan/nan.h:2399:52: error: ‘value’ was not declared in this scope
 2399 |   NanSetTemplate(templ->PrototypeTemplate(), name, value);
      |                                                    ^~~~~
../../nan/nan.h:2399:3: error: ‘NanSetTemplate’ was not declared in this scope
 2399 |   NanSetTemplate(templ->PrototypeTemplate(), name, value);
      |   ^~~~~~~~~~~~~~
../../nan/nan.h: At global scope:
../../nan/nan.h:2404:9: error: ‘v8::Handle’ has not been declared
 2404 |   , v8::Handle<v8::String> name
      |         ^~~~~~
../../nan/nan.h:2404:15: error: expected ‘,’ or ‘...’ before ‘<’ token
 2404 |   , v8::Handle<v8::String> name
      |               ^
../../nan/nan.h: In function ‘void NanSetPrototypeTemplate(v8::Local<v8::FunctionTemplate>, int)’:
../../nan/nan.h:2408:46: error: ‘name’ was not declared in this scope
 2408 |   NanSetTemplate(templ->PrototypeTemplate(), name, value, attributes);
      |                                              ^~~~
../../nan/nan.h:2408:52: error: ‘value’ was not declared in this scope
 2408 |   NanSetTemplate(templ->PrototypeTemplate(), name, value, attributes);
      |                                                    ^~~~~
../../nan/nan.h:2408:59: error: ‘attributes’ was not declared in this scope; did you mean ‘__attribute__’?
 2408 |   NanSetTemplate(templ->PrototypeTemplate(), name, value, attributes);
      |                                                           ^~~~~~~~~~
      |                                                           __attribute__
../../nan/nan.h:2408:3: error: ‘NanSetTemplate’ was not declared in this scope
 2408 |   NanSetTemplate(templ->PrototypeTemplate(), name, value, attributes);
      |   ^~~~~~~~~~~~~~
../../nan/nan.h: At global scope:
../../nan/nan.h:2414:9: error: ‘v8::Handle’ has not been declared
 2414 |   , v8::Handle<v8::Data> value
      |         ^~~~~~
../../nan/nan.h:2414:15: error: expected ‘,’ or ‘...’ before ‘<’ token
 2414 |   , v8::Handle<v8::Data> value
      |               ^
../../nan/nan.h: In function ‘void NanSetInstanceTemplate(v8::Local<v8::FunctionTemplate>, const char*, int)’:
../../nan/nan.h:2416:51: error: ‘value’ was not declared in this scope
 2416 |   NanSetTemplate(templ->InstanceTemplate(), name, value);
      |                                                   ^~~~~
../../nan/nan.h:2416:3: error: ‘NanSetTemplate’ was not declared in this scope; did you mean ‘NanSetInstanceTemplate’?
 2416 |   NanSetTemplate(templ->InstanceTemplate(), name, value);
      |   ^~~~~~~~~~~~~~
      |   NanSetInstanceTemplate
../../nan/nan.h: At global scope:
../../nan/nan.h:2421:9: error: ‘v8::Handle’ has not been declared
 2421 |   , v8::Handle<v8::String> name
      |         ^~~~~~
../../nan/nan.h:2421:15: error: expected ‘,’ or ‘...’ before ‘<’ token
 2421 |   , v8::Handle<v8::String> name
      |               ^
../../nan/nan.h: In function ‘void NanSetInstanceTemplate(v8::Local<v8::FunctionTemplate>, int)’:
../../nan/nan.h:2425:45: error: ‘name’ was not declared in this scope
 2425 |   NanSetTemplate(templ->InstanceTemplate(), name, value, attributes);
      |                                             ^~~~
../../nan/nan.h:2425:51: error: ‘value’ was not declared in this scope
 2425 |   NanSetTemplate(templ->InstanceTemplate(), name, value, attributes);
      |                                                   ^~~~~
../../nan/nan.h:2425:58: error: ‘attributes’ was not declared in this scope; did you mean ‘__attribute__’?
 2425 |   NanSetTemplate(templ->InstanceTemplate(), name, value, attributes);
      |                                                          ^~~~~~~~~~
      |                                                          __attribute__
../../nan/nan.h:2425:3: error: ‘NanSetTemplate’ was not declared in this scope; did you mean ‘NanSetInstanceTemplate’?
 2425 |   NanSetTemplate(templ->InstanceTemplate(), name, value, attributes);
      |   ^~~~~~~~~~~~~~
      |   NanSetInstanceTemplate
../src/bufferutil.cc: At global scope:
../src/bufferutil.cc:24:30: error: ‘v8::Handle’ has not been declared
   24 |   static void Initialize(v8::Handle<v8::Object> target)
      |                              ^~~~~~
../src/bufferutil.cc:24:36: error: expected ‘,’ or ‘...’ before ‘<’ token
   24 |   static void Initialize(v8::Handle<v8::Object> target)
      |                                    ^
../src/bufferutil.cc: In static member function ‘static void BufferUtil::Initialize(int)’:
../src/bufferutil.cc:27:61: error: no match for call to ‘(v8::Local<v8::FunctionTemplate>) (void (&)(const v8::FunctionCallbackInfo<v8::Value>&))’
   27 |     Local<FunctionTemplate> t = NanNew<FunctionTemplate>(New);
      |                                                             ^
../src/bufferutil.cc:29:52: error: call of overloaded ‘NODE_SET_METHOD(v8::Local<v8::FunctionTemplate>&, const char [7], void (&)(const v8::FunctionCallbackInfo<v8::Value>&))’ is ambiguous
   29 |     NODE_SET_METHOD(t, "unmask", BufferUtil::Unmask);
      |                                                    ^
In file included from ../src/bufferutil.cc:8:
/home/jpol/.cache/node-gyp/13.6.0/include/node/node.h:458:13: note: candidate: ‘void node::NODE_SET_METHOD(v8::Local<v8::Template>, const char*, v8::FunctionCallback)’
  458 | inline void NODE_SET_METHOD(v8::Local<v8::Template> recv,
      |             ^~~~~~~~~~~~~~~
/home/jpol/.cache/node-gyp/13.6.0/include/node/node.h:472:13: note: candidate: ‘void node::NODE_SET_METHOD(v8::Local<v8::Object>, const char*, v8::FunctionCallback)’
  472 | inline void NODE_SET_METHOD(v8::Local<v8::Object> recv,
      |             ^~~~~~~~~~~~~~~
../src/bufferutil.cc:30:48: error: call of overloaded ‘NODE_SET_METHOD(v8::Local<v8::FunctionTemplate>&, const char [5], void (&)(const v8::FunctionCallbackInfo<v8::Value>&))’ is ambiguous
   30 |     NODE_SET_METHOD(t, "mask", BufferUtil::Mask);
      |                                                ^
In file included from ../src/bufferutil.cc:8:
/home/jpol/.cache/node-gyp/13.6.0/include/node/node.h:458:13: note: candidate: ‘void node::NODE_SET_METHOD(v8::Local<v8::Template>, const char*, v8::FunctionCallback)’
  458 | inline void NODE_SET_METHOD(v8::Local<v8::Template> recv,
      |             ^~~~~~~~~~~~~~~
/home/jpol/.cache/node-gyp/13.6.0/include/node/node.h:472:13: note: candidate: ‘void node::NODE_SET_METHOD(v8::Local<v8::Object>, const char*, v8::FunctionCallback)’
  472 | inline void NODE_SET_METHOD(v8::Local<v8::Object> recv,
      |             ^~~~~~~~~~~~~~~
../src/bufferutil.cc:31:50: error: call of overloaded ‘NODE_SET_METHOD(v8::Local<v8::FunctionTemplate>&, const char [6], void (&)(const v8::FunctionCallbackInfo<v8::Value>&))’ is ambiguous
   31 |     NODE_SET_METHOD(t, "merge", BufferUtil::Merge);
      |                                                  ^
In file included from ../src/bufferutil.cc:8:
/home/jpol/.cache/node-gyp/13.6.0/include/node/node.h:458:13: note: candidate: ‘void node::NODE_SET_METHOD(v8::Local<v8::Template>, const char*, v8::FunctionCallback)’
  458 | inline void NODE_SET_METHOD(v8::Local<v8::Template> recv,
      |             ^~~~~~~~~~~~~~~
/home/jpol/.cache/node-gyp/13.6.0/include/node/node.h:472:13: note: candidate: ‘void node::NODE_SET_METHOD(v8::Local<v8::Object>, const char*, v8::FunctionCallback)’
  472 | inline void NODE_SET_METHOD(v8::Local<v8::Object> recv,
      |             ^~~~~~~~~~~~~~~
../src/bufferutil.cc:32:5: error: ‘target’ was not declared in this scope
   32 |     target->Set(NanSymbol("BufferUtil"), t->GetFunction());
      |     ^~~~~~
../src/bufferutil.cc:32:39: warning: ‘v8::Local<v8::String> NanSymbol(const char*, int)’ is deprecated [-Wdeprecated-declarations]
   32 |     target->Set(NanSymbol("BufferUtil"), t->GetFunction());
      |                                       ^
In file included from ../src/bufferutil.cc:15:
../../nan/nan.h:616:51: note: declared here
  616 |   NAN_DEPRECATED NAN_INLINE v8::Local<v8::String> NanSymbol(
      |                                                   ^~~~~~~~~
../src/bufferutil.cc:32:39: warning: ‘v8::Local<v8::String> NanSymbol(const char*, int)’ is deprecated [-Wdeprecated-declarations]
   32 |     target->Set(NanSymbol("BufferUtil"), t->GetFunction());
      |                                       ^
In file included from ../src/bufferutil.cc:15:
../../nan/nan.h:616:51: note: declared here
  616 |   NAN_DEPRECATED NAN_INLINE v8::Local<v8::String> NanSymbol(
      |                                                   ^~~~~~~~~
../src/bufferutil.cc:32:57: error: no matching function for call to ‘v8::FunctionTemplate::GetFunction()’
   32 |     target->Set(NanSymbol("BufferUtil"), t->GetFunction());
      |                                                         ^
In file included from ../src/bufferutil.cc:7:
/home/jpol/.cache/node-gyp/13.6.0/include/node/v8.h:6283:46: note: candidate: ‘v8::MaybeLocal<v8::Function> v8::FunctionTemplate::GetFunction(v8::Local<v8::Context>)’
 6283 |   V8_WARN_UNUSED_RESULT MaybeLocal<Function> GetFunction(
      |                                              ^~~~~~~~~~~
/home/jpol/.cache/node-gyp/13.6.0/include/node/v8.h:6283:46: note:   candidate expects 1 argument, 0 provided
../src/bufferutil.cc: In static member function ‘static void BufferUtil::Merge(const v8::FunctionCallbackInfo<v8::Value>&)’:
../src/bufferutil.cc:48:49: error: no matching function for call to ‘v8::Value::ToObject()’
   48 |     Local<Object> bufferObj = args[0]->ToObject();
      |                                                 ^
In file included from ../src/bufferutil.cc:7:
/home/jpol/.cache/node-gyp/13.6.0/include/node/v8.h:2754:44: note: candidate: ‘v8::MaybeLocal<v8::Object> v8::Value::ToObject(v8::Local<v8::Context>) const’
 2754 |   V8_WARN_UNUSED_RESULT MaybeLocal<Object> ToObject(
      |                                            ^~~~~~~~
/home/jpol/.cache/node-gyp/13.6.0/include/node/v8.h:2754:44: note:   candidate expects 1 argument, 0 provided
../src/bufferutil.cc:55:39: error: no matching function for call to ‘v8::Array::Get(unsigned int&)’
   55 |       Local<Object> src = array->Get(i)->ToObject();
      |                                       ^
In file included from ../src/bufferutil.cc:7:
/home/jpol/.cache/node-gyp/13.6.0/include/node/v8.h:3594:43: note: candidate: ‘v8::MaybeLocal<v8::Value> v8::Object::Get(v8::Local<v8::Context>, v8::Local<v8::Value>)’
 3594 |   V8_WARN_UNUSED_RESULT MaybeLocal<Value> Get(Local<Context> context,
      |                                           ^~~
/home/jpol/.cache/node-gyp/13.6.0/include/node/v8.h:3594:43: note:   candidate expects 2 arguments, 1 provided
/home/jpol/.cache/node-gyp/13.6.0/include/node/v8.h:3597:43: note: candidate: ‘v8::MaybeLocal<v8::Value> v8::Object::Get(v8::Local<v8::Context>, uint32_t)’
 3597 |   V8_WARN_UNUSED_RESULT MaybeLocal<Value> Get(Local<Context> context,
      |                                           ^~~
/home/jpol/.cache/node-gyp/13.6.0/include/node/v8.h:3597:43: note:   candidate expects 2 arguments, 1 provided
../src/bufferutil.cc: In static member function ‘static void BufferUtil::Unmask(const v8::FunctionCallbackInfo<v8::Value>&)’:
../src/bufferutil.cc:66:50: error: no matching function for call to ‘v8::Value::ToObject()’
   66 |     Local<Object> buffer_obj = args[0]->ToObject();
      |                                                  ^
In file included from ../src/bufferutil.cc:7:
/home/jpol/.cache/node-gyp/13.6.0/include/node/v8.h:2754:44: note: candidate: ‘v8::MaybeLocal<v8::Object> v8::Value::ToObject(v8::Local<v8::Context>) const’
 2754 |   V8_WARN_UNUSED_RESULT MaybeLocal<Object> ToObject(
      |                                            ^~~~~~~~
/home/jpol/.cache/node-gyp/13.6.0/include/node/v8.h:2754:44: note:   candidate expects 1 argument, 0 provided
../src/bufferutil.cc:68:48: error: no matching function for call to ‘v8::Value::ToObject()’
   68 |     Local<Object> mask_obj = args[1]->ToObject();
      |                                                ^
In file included from ../src/bufferutil.cc:7:
/home/jpol/.cache/node-gyp/13.6.0/include/node/v8.h:2754:44: note: candidate: ‘v8::MaybeLocal<v8::Object> v8::Value::ToObject(v8::Local<v8::Context>) const’
 2754 |   V8_WARN_UNUSED_RESULT MaybeLocal<Object> ToObject(
      |                                            ^~~~~~~~
/home/jpol/.cache/node-gyp/13.6.0/include/node/v8.h:2754:44: note:   candidate expects 1 argument, 0 provided
../src/bufferutil.cc: In static member function ‘static void BufferUtil::Mask(const v8::FunctionCallbackInfo<v8::Value>&)’:
../src/bufferutil.cc:87:50: error: no matching function for call to ‘v8::Value::ToObject()’
   87 |     Local<Object> buffer_obj = args[0]->ToObject();
      |                                                  ^
In file included from ../src/bufferutil.cc:7:
/home/jpol/.cache/node-gyp/13.6.0/include/node/v8.h:2754:44: note: candidate: ‘v8::MaybeLocal<v8::Object> v8::Value::ToObject(v8::Local<v8::Context>) const’
 2754 |   V8_WARN_UNUSED_RESULT MaybeLocal<Object> ToObject(
      |                                            ^~~~~~~~
/home/jpol/.cache/node-gyp/13.6.0/include/node/v8.h:2754:44: note:   candidate expects 1 argument, 0 provided
../src/bufferutil.cc:88:48: error: no matching function for call to ‘v8::Value::ToObject()’
   88 |     Local<Object> mask_obj = args[1]->ToObject();
      |                                                ^
In file included from ../src/bufferutil.cc:7:
/home/jpol/.cache/node-gyp/13.6.0/include/node/v8.h:2754:44: note: candidate: ‘v8::MaybeLocal<v8::Object> v8::Value::ToObject(v8::Local<v8::Context>) const’
 2754 |   V8_WARN_UNUSED_RESULT MaybeLocal<Object> ToObject(
      |                                            ^~~~~~~~
/home/jpol/.cache/node-gyp/13.6.0/include/node/v8.h:2754:44: note:   candidate expects 1 argument, 0 provided
../src/bufferutil.cc:90:50: error: no matching function for call to ‘v8::Value::ToObject()’
   90 |     Local<Object> output_obj = args[2]->ToObject();
      |                                                  ^
In file included from ../src/bufferutil.cc:7:
/home/jpol/.cache/node-gyp/13.6.0/include/node/v8.h:2754:44: note: candidate: ‘v8::MaybeLocal<v8::Object> v8::Value::ToObject(v8::Local<v8::Context>) const’
 2754 |   V8_WARN_UNUSED_RESULT MaybeLocal<Object> ToObject(
      |                                            ^~~~~~~~
/home/jpol/.cache/node-gyp/13.6.0/include/node/v8.h:2754:44: note:   candidate expects 1 argument, 0 provided
../src/bufferutil.cc:91:51: error: no matching function for call to ‘v8::Value::Int32Value()’
   91 |     unsigned int dataOffset = args[3]->Int32Value();
      |                                                   ^
In file included from ../src/bufferutil.cc:7:
/home/jpol/.cache/node-gyp/13.6.0/include/node/v8.h:2778:40: note: candidate: ‘v8::Maybe<int> v8::Value::Int32Value(v8::Local<v8::Context>) const’
 2778 |   V8_WARN_UNUSED_RESULT Maybe<int32_t> Int32Value(Local<Context> context) const;
      |                                        ^~~~~~~~~~
/home/jpol/.cache/node-gyp/13.6.0/include/node/v8.h:2778:40: note:   candidate expects 1 argument, 0 provided
../src/bufferutil.cc:92:47: error: no matching function for call to ‘v8::Value::Int32Value()’
   92 |     unsigned int length = args[4]->Int32Value();
      |                                               ^
In file included from ../src/bufferutil.cc:7:
/home/jpol/.cache/node-gyp/13.6.0/include/node/v8.h:2778:40: note: candidate: ‘v8::Maybe<int> v8::Value::Int32Value(v8::Local<v8::Context>) const’
 2778 |   V8_WARN_UNUSED_RESULT Maybe<int32_t> Int32Value(Local<Context> context) const;
      |                                        ^~~~~~~~~~
/home/jpol/.cache/node-gyp/13.6.0/include/node/v8.h:2778:40: note:   candidate expects 1 argument, 0 provided
../src/bufferutil.cc: At global scope:
../src/bufferutil.cc:110:23: error: variable or field ‘init’ declared void
  110 | extern "C" void init (Handle<Object> target)
      |                       ^~~~~~
../src/bufferutil.cc:110:23: error: ‘Handle’ was not declared in this scope
../src/bufferutil.cc:110:36: error: expected primary-expression before ‘>’ token
  110 | extern "C" void init (Handle<Object> target)
      |                                    ^
../src/bufferutil.cc:110:38: error: ‘target’ was not declared in this scope
  110 | extern "C" void init (Handle<Object> target)
      |                                      ^~~~~~
In file included from ../src/bufferutil.cc:8:
../src/bufferutil.cc:116:25: error: ‘init’ was not declared in this scope; did you mean ‘int’?
  116 | NODE_MODULE(bufferutil, init)
      |                         ^~~~
/home/jpol/.cache/node-gyp/13.6.0/include/node/node.h:611:36: note: in definition of macro ‘NODE_MODULE_X’
  611 |       (node::addon_register_func) (regfunc),                          \
      |                                    ^~~~~~~
../src/bufferutil.cc:116:1: note: in expansion of macro ‘NODE_MODULE’
  116 | NODE_MODULE(bufferutil, init)
      | ^~~~~~~~~~~
In file included from ../src/bufferutil.cc:7:
/home/jpol/.cache/node-gyp/13.6.0/include/node/v8.h: In instantiation of ‘void v8::PersistentBase<T>::SetWeak(P*, typename v8::WeakCallbackInfo<P>::Callback, v8::WeakCallbackType) [with P = node::ObjectWrap; T = v8::Object; typename v8::WeakCallbackInfo<P>::Callback = void (*)(const v8::WeakCallbackInfo<node::ObjectWrap>&)]’:
/home/jpol/.cache/node-gyp/13.6.0/include/node/node_object_wrap.h:85:78:   required from here
/home/jpol/.cache/node-gyp/13.6.0/include/node/v8.h:10400:16: warning: cast between incompatible function types from ‘v8::WeakCallbackInfo<node::ObjectWrap>::Callback’ {aka ‘void (*)(const v8::WeakCallbackInfo<node::ObjectWrap>&)’} to ‘Callback’ {aka ‘void (*)(const v8::WeakCallbackInfo<void>&)’} [-Wcast-function-type]
10400 |                reinterpret_cast<Callback>(callback), type);
      |                ^~~~~~~~~~~~~~~~~~~~~~~~~~~~~~~~~~~~
In file included from ../src/bufferutil.cc:15:
../../nan/nan.h:2175:13: warning: ‘_NanGetExternalParts’ defined but not used [-Wunused-variable]
 2175 | static bool _NanGetExternalParts(
      |             ^~~~~~~~~~~~~~~~~~~~
make: *** [bufferutil.target.mk:109: Release/obj.target/bufferutil/src/bufferutil.o] Error 1
gyp ERR! build error 
gyp ERR! stack Error: `make` failed with exit code: 2
gyp ERR! stack     at ChildProcess.onExit (/usr/lib/node_modules/node-gyp/lib/build.js:194:23)
gyp ERR! stack     at ChildProcess.emit (events.js:321:20)
gyp ERR! stack     at Process.ChildProcess._handle.onexit (internal/child_process.js:275:12)
gyp ERR! System Linux 5.4.10-arch1-1
gyp ERR! command "/usr/bin/node" "/usr/lib/node_modules/node-gyp/bin/node-gyp.js" "rebuild"
gyp ERR! cwd /home/jpol/pv/github/webserver/crimson/node_modules/ws
gyp ERR! node -v v13.6.0
gyp ERR! node-gyp -v v6.1.0
gyp ERR! not ok 
