In file included from ../src/bufferutil.cc:15:
/home/jpol/pv/github/webserver/crimson/node_modules/engine.io-client/node_modules/nan/nan.h:107:11: error: ‘v8::Handle’ has not been declared
  107 |     , v8::Handle<v8::String> opt, bool def) {
      |           ^~~~~~
/home/jpol/pv/github/webserver/crimson/node_modules/engine.io-client/node_modules/nan/nan.h:107:17: error: expected ‘,’ or ‘...’ before ‘<’ token
  107 |     , v8::Handle<v8::String> opt, bool def) {
      |                 ^
/home/jpol/pv/github/webserver/crimson/node_modules/engine.io-client/node_modules/nan/nan.h: In function ‘bool NanBooleanOptionValue(v8::Local<v8::Object>, int)’:
/home/jpol/pv/github/webserver/crimson/node_modules/engine.io-client/node_modules/nan/nan.h:109:7: error: ‘def’ was not declared in this scope
  109 |   if (def) {
      |       ^~~
/home/jpol/pv/github/webserver/crimson/node_modules/engine.io-client/node_modules/nan/nan.h:111:27: error: ‘opt’ was not declared in this scope
  111 |       || !optionsObj->Has(opt)
      |                           ^~~
/home/jpol/pv/github/webserver/crimson/node_modules/engine.io-client/node_modules/nan/nan.h:115:26: error: ‘opt’ was not declared in this scope
  115 |       && optionsObj->Has(opt)
      |                          ^~~
/home/jpol/pv/github/webserver/crimson/node_modules/engine.io-client/node_modules/nan/nan.h: At global scope:
/home/jpol/pv/github/webserver/crimson/node_modules/engine.io-client/node_modules/nan/nan.h:122:11: error: ‘v8::Handle’ has not been declared
  122 |     , v8::Handle<v8::String> opt) {
      |           ^~~~~~
/home/jpol/pv/github/webserver/crimson/node_modules/engine.io-client/node_modules/nan/nan.h:122:17: error: expected ‘,’ or ‘...’ before ‘<’ token
  122 |     , v8::Handle<v8::String> opt) {
      |                 ^
/home/jpol/pv/github/webserver/crimson/node_modules/engine.io-client/node_modules/nan/nan.h:120:20: error: redefinition of ‘bool NanBooleanOptionValue(v8::Local<v8::Object>, int)’
  120 | static inline bool NanBooleanOptionValue(
      |                    ^~~~~~~~~~~~~~~~~~~~~
/home/jpol/pv/github/webserver/crimson/node_modules/engine.io-client/node_modules/nan/nan.h:105:20: note: ‘bool NanBooleanOptionValue(v8::Local<v8::Object>, int)’ previously defined here
  105 | static inline bool NanBooleanOptionValue(
      |                    ^~~~~~~~~~~~~~~~~~~~~
/home/jpol/pv/github/webserver/crimson/node_modules/engine.io-client/node_modules/nan/nan.h: In function ‘bool NanBooleanOptionValue(v8::Local<v8::Object>, int)’:
/home/jpol/pv/github/webserver/crimson/node_modules/engine.io-client/node_modules/nan/nan.h:123:44: error: ‘opt’ was not declared in this scope
  123 |   return NanBooleanOptionValue(optionsObj, opt, false);
      |                                            ^~~
/home/jpol/pv/github/webserver/crimson/node_modules/engine.io-client/node_modules/nan/nan.h: At global scope:
/home/jpol/pv/github/webserver/crimson/node_modules/engine.io-client/node_modules/nan/nan.h:128:11: error: ‘v8::Handle’ has not been declared
  128 |     , v8::Handle<v8::String> opt
      |           ^~~~~~
/home/jpol/pv/github/webserver/crimson/node_modules/engine.io-client/node_modules/nan/nan.h:128:17: error: expected ‘,’ or ‘...’ before ‘<’ token
  128 |     , v8::Handle<v8::String> opt
      |                 ^
/home/jpol/pv/github/webserver/crimson/node_modules/engine.io-client/node_modules/nan/nan.h: In function ‘uint32_t NanUInt32OptionValue(v8::Local<v8::Object>, int)’:
/home/jpol/pv/github/webserver/crimson/node_modules/engine.io-client/node_modules/nan/nan.h:132:24: error: ‘opt’ was not declared in this scope
  132 |     && optionsObj->Has(opt)
      |                        ^~~
/home/jpol/pv/github/webserver/crimson/node_modules/engine.io-client/node_modules/nan/nan.h:135:9: error: ‘def’ was not declared in this scope
  135 |       : def;
      |         ^~~
/home/jpol/pv/github/webserver/crimson/node_modules/engine.io-client/node_modules/nan/nan.h: In function ‘void NanThrowError(const char*)’:
/home/jpol/pv/github/webserver/crimson/node_modules/engine.io-client/node_modules/nan/nan.h:209:11: error: ‘ThrowException’ is not a member of ‘v8’; did you mean ‘Exception’?
  209 |       v8::ThrowException(fun(v8::String::New(errmsg)));                        \
      |           ^~~~~~~~~~~~~~
/home/jpol/pv/github/webserver/crimson/node_modules/engine.io-client/node_modules/nan/nan.h:213:5: note: in expansion of macro ‘_NAN_THROW_ERROR’
  213 |     _NAN_THROW_ERROR(v8::Exception::Error, errmsg);
      |     ^~~~~~~~~~~~~~~~
/home/jpol/pv/github/webserver/crimson/node_modules/engine.io-client/node_modules/nan/nan.h:209:42: error: ‘New’ is not a member of ‘v8::String’
  209 |       v8::ThrowException(fun(v8::String::New(errmsg)));                        \
      |                                          ^~~
/home/jpol/pv/github/webserver/crimson/node_modules/engine.io-client/node_modules/nan/nan.h:213:5: note: in expansion of macro ‘_NAN_THROW_ERROR’
  213 |     _NAN_THROW_ERROR(v8::Exception::Error, errmsg);
      |     ^~~~~~~~~~~~~~~~
/home/jpol/pv/github/webserver/crimson/node_modules/engine.io-client/node_modules/nan/nan.h: At global scope:
/home/jpol/pv/github/webserver/crimson/node_modules/engine.io-client/node_modules/nan/nan.h:216:40: error: variable or field ‘NanThrowError’ declared void
  216 |   inline static void NanThrowError(v8::Handle<v8::Value> error) {
      |                                        ^~~~~~
/home/jpol/pv/github/webserver/crimson/node_modules/engine.io-client/node_modules/nan/nan.h:216:40: error: ‘Handle’ is not a member of ‘v8’
/home/jpol/pv/github/webserver/crimson/node_modules/engine.io-client/node_modules/nan/nan.h:216:56: error: expected primary-expression before ‘>’ token
  216 |   inline static void NanThrowError(v8::Handle<v8::Value> error) {
      |                                                        ^
/home/jpol/pv/github/webserver/crimson/node_modules/engine.io-client/node_modules/nan/nan.h:216:58: error: ‘error’ was not declared in this scope; did you mean ‘perror’?
  216 |   inline static void NanThrowError(v8::Handle<v8::Value> error) {
      |                                                          ^~~~~
      |                                                          perror
/home/jpol/pv/github/webserver/crimson/node_modules/engine.io-client/node_modules/nan/nan.h: In function ‘void NanThrowError(const char*, int)’:
/home/jpol/pv/github/webserver/crimson/node_modules/engine.io-client/node_modules/nan/nan.h:222:65: error: ‘New’ is not a member of ‘v8::String’
  222 |     v8::Local<v8::Value> err = v8::Exception::Error(v8::String::New(msg));
      |                                                                 ^~~
/home/jpol/pv/github/webserver/crimson/node_modules/engine.io-client/node_modules/nan/nan.h:224:26: error: ‘New’ is not a member of ‘v8::String’
  224 |     obj->Set(v8::String::New("code"), v8::Int32::New(errorNumber));
      |                          ^~~
/home/jpol/pv/github/webserver/crimson/node_modules/engine.io-client/node_modules/nan/nan.h:224:65: error: no matching function for call to ‘v8::Int32::New(const int&)’
  224 |     obj->Set(v8::String::New("code"), v8::Int32::New(errorNumber));
      |                                                                 ^
In file included from ../src/bufferutil.cc:7:
/home/jpol/.cache/node-gyp/13.6.0/include/node/v8.h:3339:25: note: candidate: ‘static v8::Local<v8::Integer> v8::Integer::New(v8::Isolate*, int32_t)’
 3339 |   static Local<Integer> New(Isolate* isolate, int32_t value);
      |                         ^~~
/home/jpol/.cache/node-gyp/13.6.0/include/node/v8.h:3339:25: note:   candidate expects 2 arguments, 1 provided
In file included from ../src/bufferutil.cc:15:
/home/jpol/pv/github/webserver/crimson/node_modules/engine.io-client/node_modules/nan/nan.h:225:22: error: no matching function for call to ‘NanThrowError(v8::Local<v8::Value>&)’
  225 |     NanThrowError(err);
      |                      ^
/home/jpol/pv/github/webserver/crimson/node_modules/engine.io-client/node_modules/nan/nan.h:212:22: note: candidate: ‘void NanThrowError(const char*)’
  212 |   inline static void NanThrowError(const char* errmsg) {
      |                      ^~~~~~~~~~~~~
/home/jpol/pv/github/webserver/crimson/node_modules/engine.io-client/node_modules/nan/nan.h:212:48: note:   no known conversion for argument 1 from ‘v8::Local<v8::Value>’ to ‘const char*’
  212 |   inline static void NanThrowError(const char* errmsg) {
      |                                    ~~~~~~~~~~~~^~~~~~
/home/jpol/pv/github/webserver/crimson/node_modules/engine.io-client/node_modules/nan/nan.h:221:22: note: candidate: ‘void NanThrowError(const char*, int)’
  221 |   inline static void NanThrowError(const char *msg, const int errorNumber) {
      |                      ^~~~~~~~~~~~~
/home/jpol/pv/github/webserver/crimson/node_modules/engine.io-client/node_modules/nan/nan.h:221:22: note:   candidate expects 2 arguments, 1 provided
/home/jpol/pv/github/webserver/crimson/node_modules/engine.io-client/node_modules/nan/nan.h: In function ‘void NanThrowTypeError(const char*)’:
/home/jpol/pv/github/webserver/crimson/node_modules/engine.io-client/node_modules/nan/nan.h:209:11: error: ‘ThrowException’ is not a member of ‘v8’; did you mean ‘Exception’?
  209 |       v8::ThrowException(fun(v8::String::New(errmsg)));                        \
      |           ^~~~~~~~~~~~~~
/home/jpol/pv/github/webserver/crimson/node_modules/engine.io-client/node_modules/nan/nan.h:229:5: note: in expansion of macro ‘_NAN_THROW_ERROR’
  229 |     _NAN_THROW_ERROR(v8::Exception::TypeError, errmsg);
      |     ^~~~~~~~~~~~~~~~
/home/jpol/pv/github/webserver/crimson/node_modules/engine.io-client/node_modules/nan/nan.h:209:42: error: ‘New’ is not a member of ‘v8::String’
  209 |       v8::ThrowException(fun(v8::String::New(errmsg)));                        \
      |                                          ^~~
/home/jpol/pv/github/webserver/crimson/node_modules/engine.io-client/node_modules/nan/nan.h:229:5: note: in expansion of macro ‘_NAN_THROW_ERROR’
  229 |     _NAN_THROW_ERROR(v8::Exception::TypeError, errmsg);
      |     ^~~~~~~~~~~~~~~~
/home/jpol/pv/github/webserver/crimson/node_modules/engine.io-client/node_modules/nan/nan.h: In function ‘void NanThrowRangeError(const char*)’:
/home/jpol/pv/github/webserver/crimson/node_modules/engine.io-client/node_modules/nan/nan.h:209:11: error: ‘ThrowException’ is not a member of ‘v8’; did you mean ‘Exception’?
  209 |       v8::ThrowException(fun(v8::String::New(errmsg)));                        \
      |           ^~~~~~~~~~~~~~
/home/jpol/pv/github/webserver/crimson/node_modules/engine.io-client/node_modules/nan/nan.h:233:5: note: in expansion of macro ‘_NAN_THROW_ERROR’
  233 |     _NAN_THROW_ERROR(v8::Exception::RangeError, errmsg);
      |     ^~~~~~~~~~~~~~~~
/home/jpol/pv/github/webserver/crimson/node_modules/engine.io-client/node_modules/nan/nan.h:209:42: error: ‘New’ is not a member of ‘v8::String’
  209 |       v8::ThrowException(fun(v8::String::New(errmsg)));                        \
      |                                          ^~~
/home/jpol/pv/github/webserver/crimson/node_modules/engine.io-client/node_modules/nan/nan.h:233:5: note: in expansion of macro ‘_NAN_THROW_ERROR’
  233 |     _NAN_THROW_ERROR(v8::Exception::RangeError, errmsg);
      |     ^~~~~~~~~~~~~~~~
/home/jpol/pv/github/webserver/crimson/node_modules/engine.io-client/node_modules/nan/nan.h: At global scope:
/home/jpol/pv/github/webserver/crimson/node_modules/engine.io-client/node_modules/nan/nan.h:244:13: error: ‘node::smalloc’ has not been declared
  244 |       node::smalloc::FreeCallback callback,
      |             ^~~~~~~
/home/jpol/pv/github/webserver/crimson/node_modules/engine.io-client/node_modules/nan/nan.h:244:35: error: expected ‘,’ or ‘...’ before ‘callback’
  244 |       node::smalloc::FreeCallback callback,
      |                                   ^~~~~~~~
/home/jpol/pv/github/webserver/crimson/node_modules/engine.io-client/node_modules/nan/nan.h: In function ‘v8::Local<v8::Object> NanNewBufferHandle(char*, size_t, int)’:
/home/jpol/pv/github/webserver/crimson/node_modules/engine.io-client/node_modules/nan/nan.h:246:44: error: ‘callback’ was not declared in this scope; did you mean ‘calloc’?
  246 |     return node::Buffer::New(data, length, callback, hint);
      |                                            ^~~~~~~~
      |                                            calloc
/home/jpol/pv/github/webserver/crimson/node_modules/engine.io-client/node_modules/nan/nan.h:246:54: error: ‘hint’ was not declared in this scope; did you mean ‘uint’?
  246 |     return node::Buffer::New(data, length, callback, hint);
      |                                                      ^~~~
      |                                                      uint
/home/jpol/pv/github/webserver/crimson/node_modules/engine.io-client/node_modules/nan/nan.h: In function ‘v8::Local<v8::Object> NanNewBufferHandle(char*, uint32_t)’:
/home/jpol/pv/github/webserver/crimson/node_modules/engine.io-client/node_modules/nan/nan.h:251:40: error: no matching function for call to ‘New(char*&, uint32_t&)’
  251 |     return node::Buffer::New(data, size);
      |                                        ^
In file included from ../src/bufferutil.cc:9:
/home/jpol/.cache/node-gyp/13.6.0/include/node/node_buffer.h:49:40: note: candidate: ‘v8::MaybeLocal<v8::Object> node::Buffer::New(v8::Isolate*, size_t)’
   49 | NODE_EXTERN v8::MaybeLocal<v8::Object> New(v8::Isolate* isolate, size_t length);
      |                                        ^~~
/home/jpol/.cache/node-gyp/13.6.0/include/node/node_buffer.h:49:57: note:   no known conversion for argument 1 from ‘char*’ to ‘v8::Isolate*’
   49 | NODE_EXTERN v8::MaybeLocal<v8::Object> New(v8::Isolate* isolate, size_t length);
      |                                            ~~~~~~~~~~~~~^~~~~~~
/home/jpol/.cache/node-gyp/13.6.0/include/node/node_buffer.h:52:40: note: candidate: ‘v8::MaybeLocal<v8::Object> node::Buffer::New(v8::Isolate*, v8::Local<v8::String>, node::encoding)’
   52 | NODE_EXTERN v8::MaybeLocal<v8::Object> New(v8::Isolate* isolate,
      |                                        ^~~
/home/jpol/.cache/node-gyp/13.6.0/include/node/node_buffer.h:52:57: note:   no known conversion for argument 1 from ‘char*’ to ‘v8::Isolate*’
   52 | NODE_EXTERN v8::MaybeLocal<v8::Object> New(v8::Isolate* isolate,
      |                                            ~~~~~~~~~~~~~^~~~~~~
/home/jpol/.cache/node-gyp/13.6.0/include/node/node_buffer.h:57:40: note: candidate: ‘v8::MaybeLocal<v8::Object> node::Buffer::New(v8::Isolate*, char*, size_t, node::Buffer::FreeCallback, void*)’
   57 | NODE_EXTERN v8::MaybeLocal<v8::Object> New(v8::Isolate* isolate,
      |                                        ^~~
/home/jpol/.cache/node-gyp/13.6.0/include/node/node_buffer.h:57:40: note:   candidate expects 5 arguments, 2 provided
/home/jpol/.cache/node-gyp/13.6.0/include/node/node_buffer.h:64:40: note: candidate: ‘v8::MaybeLocal<v8::Object> node::Buffer::New(v8::Isolate*, char*, size_t)’
   64 | NODE_EXTERN v8::MaybeLocal<v8::Object> New(v8::Isolate* isolate,
      |                                        ^~~
/home/jpol/.cache/node-gyp/13.6.0/include/node/node_buffer.h:64:40: note:   candidate expects 3 arguments, 2 provided
/home/jpol/.cache/node-gyp/13.6.0/include/node/node_buffer.h:69:44: note: candidate: ‘v8::MaybeLocal<v8::Uint8Array> node::Buffer::New(v8::Isolate*, v8::Local<v8::ArrayBuffer>, size_t, size_t)’
   69 | NODE_EXTERN v8::MaybeLocal<v8::Uint8Array> New(v8::Isolate* isolate,
      |                                            ^~~
/home/jpol/.cache/node-gyp/13.6.0/include/node/node_buffer.h:69:44: note:   candidate expects 4 arguments, 2 provided
In file included from ../src/bufferutil.cc:15:
/home/jpol/pv/github/webserver/crimson/node_modules/engine.io-client/node_modules/nan/nan.h: In function ‘v8::Local<v8::Object> NanNewBufferHandle(uint32_t)’:
/home/jpol/pv/github/webserver/crimson/node_modules/engine.io-client/node_modules/nan/nan.h:255:34: error: no matching function for call to ‘New(uint32_t&)’
  255 |     return node::Buffer::New(size);
      |                                  ^
In file included from ../src/bufferutil.cc:9:
/home/jpol/.cache/node-gyp/13.6.0/include/node/node_buffer.h:49:40: note: candidate: ‘v8::MaybeLocal<v8::Object> node::Buffer::New(v8::Isolate*, size_t)’
   49 | NODE_EXTERN v8::MaybeLocal<v8::Object> New(v8::Isolate* isolate, size_t length);
      |                                        ^~~
/home/jpol/.cache/node-gyp/13.6.0/include/node/node_buffer.h:49:40: note:   candidate expects 2 arguments, 1 provided
/home/jpol/.cache/node-gyp/13.6.0/include/node/node_buffer.h:52:40: note: candidate: ‘v8::MaybeLocal<v8::Object> node::Buffer::New(v8::Isolate*, v8::Local<v8::String>, node::encoding)’
   52 | NODE_EXTERN v8::MaybeLocal<v8::Object> New(v8::Isolate* isolate,
      |                                        ^~~
/home/jpol/.cache/node-gyp/13.6.0/include/node/node_buffer.h:52:40: note:   candidate expects 3 arguments, 1 provided
/home/jpol/.cache/node-gyp/13.6.0/include/node/node_buffer.h:57:40: note: candidate: ‘v8::MaybeLocal<v8::Object> node::Buffer::New(v8::Isolate*, char*, size_t, node::Buffer::FreeCallback, void*)’
   57 | NODE_EXTERN v8::MaybeLocal<v8::Object> New(v8::Isolate* isolate,
      |                                        ^~~
/home/jpol/.cache/node-gyp/13.6.0/include/node/node_buffer.h:57:40: note:   candidate expects 5 arguments, 1 provided
/home/jpol/.cache/node-gyp/13.6.0/include/node/node_buffer.h:64:40: note: candidate: ‘v8::MaybeLocal<v8::Object> node::Buffer::New(v8::Isolate*, char*, size_t)’
   64 | NODE_EXTERN v8::MaybeLocal<v8::Object> New(v8::Isolate* isolate,
      |                                        ^~~
/home/jpol/.cache/node-gyp/13.6.0/include/node/node_buffer.h:64:40: note:   candidate expects 3 arguments, 1 provided
/home/jpol/.cache/node-gyp/13.6.0/include/node/node_buffer.h:69:44: note: candidate: ‘v8::MaybeLocal<v8::Uint8Array> node::Buffer::New(v8::Isolate*, v8::Local<v8::ArrayBuffer>, size_t, size_t)’
   69 | NODE_EXTERN v8::MaybeLocal<v8::Uint8Array> New(v8::Isolate* isolate,
      |                                            ^~~
/home/jpol/.cache/node-gyp/13.6.0/include/node/node_buffer.h:69:44: note:   candidate expects 4 arguments, 1 provided
In file included from ../src/bufferutil.cc:15:
/home/jpol/pv/github/webserver/crimson/node_modules/engine.io-client/node_modules/nan/nan.h: In function ‘v8::Local<v8::Object> NanBufferUse(char*, uint32_t)’:
/home/jpol/pv/github/webserver/crimson/node_modules/engine.io-client/node_modules/nan/nan.h:259:26: error: ‘Use’ is not a member of ‘node::Buffer’
  259 |     return node::Buffer::Use(data, size);
      |                          ^~~
/home/jpol/pv/github/webserver/crimson/node_modules/engine.io-client/node_modules/nan/nan.h: At global scope:
/home/jpol/pv/github/webserver/crimson/node_modules/engine.io-client/node_modules/nan/nan.h:275:13: error: ‘v8::Handle’ has not been declared
  275 |       , v8::Handle<v8::Value> value) {
      |             ^~~~~~
/home/jpol/pv/github/webserver/crimson/node_modules/engine.io-client/node_modules/nan/nan.h:275:19: error: expected ‘,’ or ‘...’ before ‘<’ token
  275 |       , v8::Handle<v8::Value> value) {
      |                   ^
/home/jpol/pv/github/webserver/crimson/node_modules/engine.io-client/node_modules/nan/nan.h: In function ‘bool NanHasInstance(v8::Persistent<v8::FunctionTemplate>&, int)’:
/home/jpol/pv/github/webserver/crimson/node_modules/engine.io-client/node_modules/nan/nan.h:276:65: error: ‘value’ was not declared in this scope
  276 |     return NanPersistentToLocal(function_template)->HasInstance(value);
      |                                                                 ^~~~~
/home/jpol/pv/github/webserver/crimson/node_modules/engine.io-client/node_modules/nan/nan.h: At global scope:
/home/jpol/pv/github/webserver/crimson/node_modules/engine.io-client/node_modules/nan/nan.h:281:9: error: ‘v8::Handle’ has not been declared
  281 |     v8::Handle<v8::ObjectTemplate> tmpl = v8::Handle<v8::ObjectTemplate>(),
      |         ^~~~~~
/home/jpol/pv/github/webserver/crimson/node_modules/engine.io-client/node_modules/nan/nan.h:281:15: error: expected ‘,’ or ‘...’ before ‘<’ token
  281 |     v8::Handle<v8::ObjectTemplate> tmpl = v8::Handle<v8::ObjectTemplate>(),
      |               ^
/home/jpol/pv/github/webserver/crimson/node_modules/engine.io-client/node_modules/nan/nan.h:281:5: error: default argument missing for parameter 2 of ‘v8::Local<v8::Context> NanNewContextHandle(v8::ExtensionConfiguration*, int)’
  281 |     v8::Handle<v8::ObjectTemplate> tmpl = v8::Handle<v8::ObjectTemplate>(),
      |     ^~~~~~~~~~
/home/jpol/pv/github/webserver/crimson/node_modules/engine.io-client/node_modules/nan/nan.h:280:33: note: ...following parameter 1 which has a default argument
  280 |     v8::ExtensionConfiguration* extensions = NULL,
      |                                 ^
/home/jpol/pv/github/webserver/crimson/node_modules/engine.io-client/node_modules/nan/nan.h: In function ‘v8::Local<v8::Context> NanNewContextHandle(v8::ExtensionConfiguration*, int)’:
/home/jpol/pv/github/webserver/crimson/node_modules/engine.io-client/node_modules/nan/nan.h:284:36: error: ‘tmpl’ was not declared in this scope; did you mean ‘tm’?
  284 |           nan_isolate, extensions, tmpl, obj));
      |                                    ^~~~
      |                                    tm
/home/jpol/pv/github/webserver/crimson/node_modules/engine.io-client/node_modules/nan/nan.h:284:42: error: ‘obj’ was not declared in this scope
  284 |           nan_isolate, extensions, tmpl, obj));
      |                                          ^~~
/home/jpol/pv/github/webserver/crimson/node_modules/engine.io-client/node_modules/nan/nan.h: In constructor ‘NanCallback::NanCallback(const v8::Local<v8::Function>&)’:
/home/jpol/pv/github/webserver/crimson/node_modules/engine.io-client/node_modules/nan/nan.h:450:49: error: no matching function for call to ‘v8::Object::New()’
  450 |     v8::Local<v8::Object> obj = v8::Object::New();
      |                                                 ^
In file included from ../src/bufferutil.cc:7:
/home/jpol/.cache/node-gyp/13.6.0/include/node/v8.h:3963:24: note: candidate: ‘static v8::Local<v8::Object> v8::Object::New(v8::Isolate*)’
 3963 |   static Local<Object> New(Isolate* isolate);
      |                        ^~~
/home/jpol/.cache/node-gyp/13.6.0/include/node/v8.h:3963:24: note:   candidate expects 1 argument, 0 provided
/home/jpol/.cache/node-gyp/13.6.0/include/node/v8.h:3973:24: note: candidate: ‘static v8::Local<v8::Object> v8::Object::New(v8::Isolate*, v8::Local<v8::Value>, v8::Local<v8::Name>*, v8::Local<v8::Value>*, size_t)’
 3973 |   static Local<Object> New(Isolate* isolate, Local<Value> prototype_or_null,
      |                        ^~~
/home/jpol/.cache/node-gyp/13.6.0/include/node/v8.h:3973:24: note:   candidate expects 5 arguments, 0 provided
In file included from ../src/bufferutil.cc:15:
/home/jpol/pv/github/webserver/crimson/node_modules/engine.io-client/node_modules/nan/nan.h:103:38: error: ‘NewSymbol’ is not a member of ‘v8::String’
  103 | #define NanSymbol(value) v8::String::NewSymbol(value)
      |                                      ^~~~~~~~~
/home/jpol/pv/github/webserver/crimson/node_modules/engine.io-client/node_modules/nan/nan.h:451:14: note: in expansion of macro ‘NanSymbol’
  451 |     obj->Set(NanSymbol("callback"), fn);
      |              ^~~~~~~~~
/home/jpol/pv/github/webserver/crimson/node_modules/engine.io-client/node_modules/nan/nan.h: In destructor ‘NanCallback::~NanCallback()’:
/home/jpol/pv/github/webserver/crimson/node_modules/engine.io-client/node_modules/nan/nan.h:457:12: error: ‘class v8::Persistent<v8::Object>’ has no member named ‘Dispose’
  457 |     handle.Dispose();
      |            ^~~~~~~
/home/jpol/pv/github/webserver/crimson/node_modules/engine.io-client/node_modules/nan/nan.h:458:12: error: ‘class v8::Persistent<v8::Object>’ has no member named ‘Clear’
  458 |     handle.Clear();
      |            ^~~~~
/home/jpol/pv/github/webserver/crimson/node_modules/engine.io-client/node_modules/nan/nan.h: In member function ‘v8::Local<v8::Function> NanCallback::GetFunction()’:
/home/jpol/pv/github/webserver/crimson/node_modules/engine.io-client/node_modules/nan/nan.h:103:38: error: ‘NewSymbol’ is not a member of ‘v8::String’
  103 | #define NanSymbol(value) v8::String::NewSymbol(value)
      |                                      ^~~~~~~~~
/home/jpol/pv/github/webserver/crimson/node_modules/engine.io-client/node_modules/nan/nan.h:462:46: note: in expansion of macro ‘NanSymbol’
  462 |     return NanPersistentToLocal(handle)->Get(NanSymbol("callback"))
      |                                              ^~~~~~~~~
/home/jpol/pv/github/webserver/crimson/node_modules/engine.io-client/node_modules/nan/nan.h:463:25: error: expected primary-expression before ‘>’ token
  463 |         .As<v8::Function>();
      |                         ^
/home/jpol/pv/github/webserver/crimson/node_modules/engine.io-client/node_modules/nan/nan.h:463:27: error: expected primary-expression before ‘)’ token
  463 |         .As<v8::Function>();
      |                           ^
/home/jpol/pv/github/webserver/crimson/node_modules/engine.io-client/node_modules/nan/nan.h: In member function ‘void NanCallback::Call(int, v8::Local<v8::Value>*)’:
/home/jpol/pv/github/webserver/crimson/node_modules/engine.io-client/node_modules/nan/nan.h:103:38: error: ‘NewSymbol’ is not a member of ‘v8::String’
  103 | #define NanSymbol(value) v8::String::NewSymbol(value)
      |                                      ^~~~~~~~~
/home/jpol/pv/github/webserver/crimson/node_modules/engine.io-client/node_modules/nan/nan.h:475:12: note: in expansion of macro ‘NanSymbol’
  475 |        Get(NanSymbol("callback")).As<v8::Function>();
      |            ^~~~~~~~~
/home/jpol/pv/github/webserver/crimson/node_modules/engine.io-client/node_modules/nan/nan.h:475:50: error: expected primary-expression before ‘>’ token
  475 |        Get(NanSymbol("callback")).As<v8::Function>();
      |                                                  ^
/home/jpol/pv/github/webserver/crimson/node_modules/engine.io-client/node_modules/nan/nan.h:475:52: error: expected primary-expression before ‘)’ token
  475 |        Get(NanSymbol("callback")).As<v8::Function>();
      |                                                    ^
/home/jpol/pv/github/webserver/crimson/node_modules/engine.io-client/node_modules/nan/nan.h:476:18: error: no matching function for call to ‘v8::TryCatch::TryCatch()’
  476 |     v8::TryCatch try_catch;
      |                  ^~~~~~~~~
In file included from ../src/bufferutil.cc:7:
/home/jpol/.cache/node-gyp/13.6.0/include/node/v8.h:9655:12: note: candidate: ‘v8::TryCatch::TryCatch(v8::Isolate*)’
 9655 |   explicit TryCatch(Isolate* isolate);
      |            ^~~~~~~~
/home/jpol/.cache/node-gyp/13.6.0/include/node/v8.h:9655:12: note:   candidate expects 1 argument, 0 provided
In file included from ../src/bufferutil.cc:15:
/home/jpol/pv/github/webserver/crimson/node_modules/engine.io-client/node_modules/nan/nan.h:477:33: error: ‘GetCurrent’ is not a member of ‘v8::Context’
  477 |     callback->Call(v8::Context::GetCurrent()->Global(), argc, argv);
      |                                 ^~~~~~~~~~
/home/jpol/pv/github/webserver/crimson/node_modules/engine.io-client/node_modules/nan/nan.h:479:28: error: cannot convert ‘v8::TryCatch’ to ‘v8::Isolate*’
  479 |       node::FatalException(try_catch);
      |                            ^~~~~~~~~
      |                            |
      |                            v8::TryCatch
In file included from ../src/bufferutil.cc:8:
/home/jpol/.cache/node-gyp/13.6.0/include/node/node.h:513:46: note:   initializing argument 1 of ‘void node::FatalException(v8::Isolate*, const v8::TryCatch&)’
  513 | NODE_EXTERN void FatalException(v8::Isolate* isolate,
      |                                 ~~~~~~~~~~~~~^~~~~~~
In file included from ../src/bufferutil.cc:15:
/home/jpol/pv/github/webserver/crimson/node_modules/engine.io-client/node_modules/nan/nan.h: At global scope:
/home/jpol/pv/github/webserver/crimson/node_modules/engine.io-client/node_modules/nan/nan.h:518:3: error: ‘uv_work_t’ does not name a type
  518 |   uv_work_t request;
      |   ^~~~~~~~~
/home/jpol/pv/github/webserver/crimson/node_modules/engine.io-client/node_modules/nan/nan.h: In constructor ‘NanAsyncWorker::NanAsyncWorker(NanCallback*)’:
/home/jpol/pv/github/webserver/crimson/node_modules/engine.io-client/node_modules/nan/nan.h:490:5: error: ‘request’ was not declared in this scope
  490 |     request.data = this;
      |     ^~~~~~~
/home/jpol/pv/github/webserver/crimson/node_modules/engine.io-client/node_modules/nan/nan.h: In member function ‘void NanAsyncWorker::SavePersistent(const char*, v8::Local<v8::Object>&)’:
/home/jpol/pv/github/webserver/crimson/node_modules/engine.io-client/node_modules/nan/nan.h:103:38: error: ‘NewSymbol’ is not a member of ‘v8::String’
  103 | #define NanSymbol(value) v8::String::NewSymbol(value)
      |                                      ^~~~~~~~~
/home/jpol/pv/github/webserver/crimson/node_modules/engine.io-client/node_modules/nan/nan.h:529:17: note: in expansion of macro ‘NanSymbol’
  529 |     handle->Set(NanSymbol(key), obj);
      |                 ^~~~~~~~~
/home/jpol/pv/github/webserver/crimson/node_modules/engine.io-client/node_modules/nan/nan.h: In member function ‘v8::Local<v8::Object> NanAsyncWorker::GetFromPersistent(const char*)’:
/home/jpol/pv/github/webserver/crimson/node_modules/engine.io-client/node_modules/nan/nan.h:103:38: error: ‘NewSymbol’ is not a member of ‘v8::String’
  103 | #define NanSymbol(value) v8::String::NewSymbol(value)
      |                                      ^~~~~~~~~
/home/jpol/pv/github/webserver/crimson/node_modules/engine.io-client/node_modules/nan/nan.h:536:24: note: in expansion of macro ‘NanSymbol’
  536 |     return handle->Get(NanSymbol(key)).As<v8::Object>();
      |                        ^~~~~~~~~
/home/jpol/pv/github/webserver/crimson/node_modules/engine.io-client/node_modules/nan/nan.h:536:53: error: expected primary-expression before ‘>’ token
  536 |     return handle->Get(NanSymbol(key)).As<v8::Object>();
      |                                                     ^
/home/jpol/pv/github/webserver/crimson/node_modules/engine.io-client/node_modules/nan/nan.h:536:55: error: expected primary-expression before ‘)’ token
  536 |     return handle->Get(NanSymbol(key)).As<v8::Object>();
      |                                                       ^
/home/jpol/pv/github/webserver/crimson/node_modules/engine.io-client/node_modules/nan/nan.h: In member function ‘virtual void NanAsyncWorker::HandleErrorCallback()’:
/home/jpol/pv/github/webserver/crimson/node_modules/engine.io-client/node_modules/nan/nan.h:549:42: error: ‘New’ is not a member of ‘v8::String’
  549 |         v8::Exception::Error(v8::String::New(errmsg))
      |                                          ^~~
/home/jpol/pv/github/webserver/crimson/node_modules/engine.io-client/node_modules/nan/nan.h: At global scope:
/home/jpol/pv/github/webserver/crimson/node_modules/engine.io-client/node_modules/nan/nan.h:555:30: error: variable or field ‘NanAsyncExecute’ declared void
  555 | inline void NanAsyncExecute (uv_work_t* req) {
      |                              ^~~~~~~~~
/home/jpol/pv/github/webserver/crimson/node_modules/engine.io-client/node_modules/nan/nan.h:555:30: error: ‘uv_work_t’ was not declared in this scope
/home/jpol/pv/github/webserver/crimson/node_modules/engine.io-client/node_modules/nan/nan.h:555:41: error: ‘req’ was not declared in this scope
  555 | inline void NanAsyncExecute (uv_work_t* req) {
      |                                         ^~~
/home/jpol/pv/github/webserver/crimson/node_modules/engine.io-client/node_modules/nan/nan.h:560:38: error: variable or field ‘NanAsyncExecuteComplete’ declared void
  560 | inline void NanAsyncExecuteComplete (uv_work_t* req) {
      |                                      ^~~~~~~~~
/home/jpol/pv/github/webserver/crimson/node_modules/engine.io-client/node_modules/nan/nan.h:560:38: error: ‘uv_work_t’ was not declared in this scope
/home/jpol/pv/github/webserver/crimson/node_modules/engine.io-client/node_modules/nan/nan.h:560:49: error: ‘req’ was not declared in this scope
  560 | inline void NanAsyncExecuteComplete (uv_work_t* req) {
      |                                                 ^~~
/home/jpol/pv/github/webserver/crimson/node_modules/engine.io-client/node_modules/nan/nan.h: In function ‘void NanAsyncQueueWorker(NanAsyncWorker*)’:
/home/jpol/pv/github/webserver/crimson/node_modules/engine.io-client/node_modules/nan/nan.h:568:7: error: ‘uv_default_loop’ was not declared in this scope
  568 |       uv_default_loop()
      |       ^~~~~~~~~~~~~~~
/home/jpol/pv/github/webserver/crimson/node_modules/engine.io-client/node_modules/nan/nan.h:569:16: error: ‘class NanAsyncWorker’ has no member named ‘request’
  569 |     , &worker->request
      |                ^~~~~~~
/home/jpol/pv/github/webserver/crimson/node_modules/engine.io-client/node_modules/nan/nan.h:570:7: error: ‘NanAsyncExecute’ was not declared in this scope
  570 |     , NanAsyncExecute
      |       ^~~~~~~~~~~~~~~
/home/jpol/pv/github/webserver/crimson/node_modules/engine.io-client/node_modules/nan/nan.h:571:8: error: ‘uv_after_work_cb’ was not declared in this scope
  571 |     , (uv_after_work_cb)NanAsyncExecuteComplete
      |        ^~~~~~~~~~~~~~~~
/home/jpol/pv/github/webserver/crimson/node_modules/engine.io-client/node_modules/nan/nan.h:567:3: error: ‘uv_queue_work’ was not declared in this scope
  567 |   uv_queue_work(
      |   ^~~~~~~~~~~~~
/home/jpol/pv/github/webserver/crimson/node_modules/engine.io-client/node_modules/nan/nan.h: At global scope:
/home/jpol/pv/github/webserver/crimson/node_modules/engine.io-client/node_modules/nan/nan.h:704:11: error: ‘Handle’ is not a member of ‘v8’
  704 |       v8::Handle<v8::Value> val
      |           ^~~~~~
/home/jpol/pv/github/webserver/crimson/node_modules/engine.io-client/node_modules/nan/nan.h:704:27: error: expected primary-expression before ‘>’ token
  704 |       v8::Handle<v8::Value> val
      |                           ^
/home/jpol/pv/github/webserver/crimson/node_modules/engine.io-client/node_modules/nan/nan.h:704:29: error: ‘val’ was not declared in this scope
  704 |       v8::Handle<v8::Value> val
      |                             ^~~
/home/jpol/pv/github/webserver/crimson/node_modules/engine.io-client/node_modules/nan/nan.h:705:7: error: expected primary-expression before ‘const’
  705 |     , const char** data
      |       ^~~~~
/home/jpol/pv/github/webserver/crimson/node_modules/engine.io-client/node_modules/nan/nan.h:706:13: error: expected primary-expression before ‘*’ token
  706 |     , size_t* len) {
      |             ^
/home/jpol/pv/github/webserver/crimson/node_modules/engine.io-client/node_modules/nan/nan.h:706:15: error: ‘len’ was not declared in this scope; did you mean ‘mblen’?
  706 |     , size_t* len) {
      |               ^~~
      |               mblen
/home/jpol/pv/github/webserver/crimson/node_modules/engine.io-client/node_modules/nan/nan.h:706:18: error: expression list treated as compound expression in initializer [-fpermissive]
  706 |     , size_t* len) {
      |                  ^
/home/jpol/pv/github/webserver/crimson/node_modules/engine.io-client/node_modules/nan/nan.h:740:8: warning: inline variables are only available with ‘-std=c++17’ or ‘-std=gnu++17’
  740 | static inline char* NanFromV8String(
      |        ^~~~~~
/home/jpol/pv/github/webserver/crimson/node_modules/engine.io-client/node_modules/nan/nan.h:741:11: error: ‘Handle’ is not a member of ‘v8’
  741 |       v8::Handle<v8::Value> from
      |           ^~~~~~
/home/jpol/pv/github/webserver/crimson/node_modules/engine.io-client/node_modules/nan/nan.h:741:27: error: expected primary-expression before ‘>’ token
  741 |       v8::Handle<v8::Value> from
      |                           ^
/home/jpol/pv/github/webserver/crimson/node_modules/engine.io-client/node_modules/nan/nan.h:741:29: error: ‘from’ was not declared in this scope
  741 |       v8::Handle<v8::Value> from
      |                             ^~~~
/home/jpol/pv/github/webserver/crimson/node_modules/engine.io-client/node_modules/nan/nan.h:742:7: error: expected primary-expression before ‘enum’
  742 |     , enum Nan::Encoding encoding = Nan::UTF8
      |       ^~~~
/home/jpol/pv/github/webserver/crimson/node_modules/engine.io-client/node_modules/nan/nan.h:743:14: error: expected primary-expression before ‘*’ token
  743 |     , size_t *datalen = NULL
      |              ^
/home/jpol/pv/github/webserver/crimson/node_modules/engine.io-client/node_modules/nan/nan.h:743:15: error: ‘datalen’ was not declared in this scope
  743 |     , size_t *datalen = NULL
      |               ^~~~~~~
/home/jpol/pv/github/webserver/crimson/node_modules/engine.io-client/node_modules/nan/nan.h:744:7: error: expected primary-expression before ‘char’
  744 |     , char *buf = NULL
      |       ^~~~
/home/jpol/pv/github/webserver/crimson/node_modules/engine.io-client/node_modules/nan/nan.h:745:14: error: expected primary-expression before ‘buflen’
  745 |     , size_t buflen = 0
      |              ^~~~~~
/home/jpol/pv/github/webserver/crimson/node_modules/engine.io-client/node_modules/nan/nan.h:746:7: error: expected primary-expression before ‘int’
  746 |     , int flags = v8::String::NO_NULL_TERMINATION
      |       ^~~
/home/jpol/pv/github/webserver/crimson/node_modules/engine.io-client/node_modules/nan/nan.h:747:44: error: expression list treated as compound expression in initializer [-fpermissive]
  747 |     | v8::String::HINT_MANY_WRITES_EXPECTED) {
      |                                            ^
../src/bufferutil.cc:24:30: error: ‘v8::Handle’ has not been declared
   24 |   static void Initialize(v8::Handle<v8::Object> target)
      |                              ^~~~~~
../src/bufferutil.cc:24:36: error: expected ‘,’ or ‘...’ before ‘<’ token
   24 |   static void Initialize(v8::Handle<v8::Object> target)
      |                                    ^
../src/bufferutil.cc: In static member function ‘static void BufferUtil::Initialize(int)’:
../src/bufferutil.cc:27:58: error: cannot convert ‘void(const v8::FunctionCallbackInfo<v8::Value>&)’ to ‘v8::Isolate*’
   27 |     Local<FunctionTemplate> t = FunctionTemplate::New(New);
      |                                                          ^
In file included from ../src/bufferutil.cc:7:
/home/jpol/.cache/node-gyp/13.6.0/include/node/v8.h:6263:16: note:   initializing argument 1 of ‘static v8::Local<v8::FunctionTemplate> v8::FunctionTemplate::New(v8::Isolate*, v8::FunctionCallback, v8::Local<v8::Value>, v8::Local<v8::Signature>, int, v8::ConstructorBehavior, v8::SideEffectType)’
 6263 |       Isolate* isolate, FunctionCallback callback = nullptr,
      |       ~~~~~~~~~^~~~~~~
../src/bufferutil.cc:29:52: error: call of overloaded ‘NODE_SET_METHOD(v8::Local<v8::FunctionTemplate>&, const char [7], void (&)(const v8::FunctionCallbackInfo<v8::Value>&))’ is ambiguous
   29 |     NODE_SET_METHOD(t, "unmask", BufferUtil::Unmask);
      |                                                    ^
In file included from ../src/bufferutil.cc:8:
/home/jpol/.cache/node-gyp/13.6.0/include/node/node.h:458:13: note: candidate: ‘void node::NODE_SET_METHOD(v8::Local<v8::Template>, const char*, v8::FunctionCallback)’
  458 | inline void NODE_SET_METHOD(v8::Local<v8::Template> recv,
      |             ^~~~~~~~~~~~~~~
/home/jpol/.cache/node-gyp/13.6.0/include/node/node.h:472:13: note: candidate: ‘void node::NODE_SET_METHOD(v8::Local<v8::Object>, const char*, v8::FunctionCallback)’
  472 | inline void NODE_SET_METHOD(v8::Local<v8::Object> recv,
      |             ^~~~~~~~~~~~~~~
../src/bufferutil.cc:30:48: error: call of overloaded ‘NODE_SET_METHOD(v8::Local<v8::FunctionTemplate>&, const char [5], void (&)(const v8::FunctionCallbackInfo<v8::Value>&))’ is ambiguous
   30 |     NODE_SET_METHOD(t, "mask", BufferUtil::Mask);
      |                                                ^
In file included from ../src/bufferutil.cc:8:
/home/jpol/.cache/node-gyp/13.6.0/include/node/node.h:458:13: note: candidate: ‘void node::NODE_SET_METHOD(v8::Local<v8::Template>, const char*, v8::FunctionCallback)’
  458 | inline void NODE_SET_METHOD(v8::Local<v8::Template> recv,
      |             ^~~~~~~~~~~~~~~
/home/jpol/.cache/node-gyp/13.6.0/include/node/node.h:472:13: note: candidate: ‘void node::NODE_SET_METHOD(v8::Local<v8::Object>, const char*, v8::FunctionCallback)’
  472 | inline void NODE_SET_METHOD(v8::Local<v8::Object> recv,
      |             ^~~~~~~~~~~~~~~
../src/bufferutil.cc:31:50: error: call of overloaded ‘NODE_SET_METHOD(v8::Local<v8::FunctionTemplate>&, const char [6], void (&)(const v8::FunctionCallbackInfo<v8::Value>&))’ is ambiguous
   31 |     NODE_SET_METHOD(t, "merge", BufferUtil::Merge);
      |                                                  ^
In file included from ../src/bufferutil.cc:8:
/home/jpol/.cache/node-gyp/13.6.0/include/node/node.h:458:13: note: candidate: ‘void node::NODE_SET_METHOD(v8::Local<v8::Template>, const char*, v8::FunctionCallback)’
  458 | inline void NODE_SET_METHOD(v8::Local<v8::Template> recv,
      |             ^~~~~~~~~~~~~~~
/home/jpol/.cache/node-gyp/13.6.0/include/node/node.h:472:13: note: candidate: ‘void node::NODE_SET_METHOD(v8::Local<v8::Object>, const char*, v8::FunctionCallback)’
  472 | inline void NODE_SET_METHOD(v8::Local<v8::Object> recv,
      |             ^~~~~~~~~~~~~~~
../src/bufferutil.cc:32:5: error: ‘target’ was not declared in this scope
   32 |     target->Set(String::NewSymbol("BufferUtil"), t->GetFunction());
      |     ^~~~~~
../src/bufferutil.cc:32:25: error: ‘NewSymbol’ is not a member of ‘v8::String’
   32 |     target->Set(String::NewSymbol("BufferUtil"), t->GetFunction());
      |                         ^~~~~~~~~
../src/bufferutil.cc:32:65: error: no matching function for call to ‘v8::FunctionTemplate::GetFunction()’
   32 |     target->Set(String::NewSymbol("BufferUtil"), t->GetFunction());
      |                                                                 ^
In file included from ../src/bufferutil.cc:7:
/home/jpol/.cache/node-gyp/13.6.0/include/node/v8.h:6283:46: note: candidate: ‘v8::MaybeLocal<v8::Function> v8::FunctionTemplate::GetFunction(v8::Local<v8::Context>)’
 6283 |   V8_WARN_UNUSED_RESULT MaybeLocal<Function> GetFunction(
      |                                              ^~~~~~~~~~~
/home/jpol/.cache/node-gyp/13.6.0/include/node/v8.h:6283:46: note:   candidate expects 1 argument, 0 provided
../src/bufferutil.cc: In static member function ‘static void BufferUtil::Merge(const v8::FunctionCallbackInfo<v8::Value>&)’:
../src/bufferutil.cc:48:49: error: no matching function for call to ‘v8::Value::ToObject()’
   48 |     Local<Object> bufferObj = args[0]->ToObject();
      |                                                 ^
In file included from ../src/bufferutil.cc:7:
/home/jpol/.cache/node-gyp/13.6.0/include/node/v8.h:2754:44: note: candidate: ‘v8::MaybeLocal<v8::Object> v8::Value::ToObject(v8::Local<v8::Context>) const’
 2754 |   V8_WARN_UNUSED_RESULT MaybeLocal<Object> ToObject(
      |                                            ^~~~~~~~
/home/jpol/.cache/node-gyp/13.6.0/include/node/v8.h:2754:44: note:   candidate expects 1 argument, 0 provided
../src/bufferutil.cc:55:39: error: no matching function for call to ‘v8::Array::Get(unsigned int&)’
   55 |       Local<Object> src = array->Get(i)->ToObject();
      |                                       ^
In file included from ../src/bufferutil.cc:7:
/home/jpol/.cache/node-gyp/13.6.0/include/node/v8.h:3594:43: note: candidate: ‘v8::MaybeLocal<v8::Value> v8::Object::Get(v8::Local<v8::Context>, v8::Local<v8::Value>)’
 3594 |   V8_WARN_UNUSED_RESULT MaybeLocal<Value> Get(Local<Context> context,
      |                                           ^~~
/home/jpol/.cache/node-gyp/13.6.0/include/node/v8.h:3594:43: note:   candidate expects 2 arguments, 1 provided
/home/jpol/.cache/node-gyp/13.6.0/include/node/v8.h:3597:43: note: candidate: ‘v8::MaybeLocal<v8::Value> v8::Object::Get(v8::Local<v8::Context>, uint32_t)’
 3597 |   V8_WARN_UNUSED_RESULT MaybeLocal<Value> Get(Local<Context> context,
      |                                           ^~~
/home/jpol/.cache/node-gyp/13.6.0/include/node/v8.h:3597:43: note:   candidate expects 2 arguments, 1 provided
In file included from ../src/bufferutil.cc:15:
../src/bufferutil.cc:60:25: error: too few arguments to function ‘v8::Local<v8::Boolean> v8::True(v8::Isolate*)’
   60 |     NanReturnValue(True());
      |                         ^
/home/jpol/pv/github/webserver/crimson/node_modules/engine.io-client/node_modules/nan/nan.h:195:65: note: in definition of macro ‘NanReturnValue’
  195 | # define NanReturnValue(value) return args.GetReturnValue().Set(value)
      |                                                                 ^~~~~
In file included from ../src/bufferutil.cc:7:
/home/jpol/.cache/node-gyp/13.6.0/include/node/v8.h:11478:16: note: declared here
11478 | Local<Boolean> True(Isolate* isolate) {
      |                ^~~~
In file included from ../src/bufferutil.cc:15:
/home/jpol/pv/github/webserver/crimson/node_modules/engine.io-client/node_modules/nan/nan.h:195:70: error: return-statement with a value, in function returning ‘void’ [-fpermissive]
  195 | # define NanReturnValue(value) return args.GetReturnValue().Set(value)
      |                                                                      ^
../src/bufferutil.cc:60:5: note: in expansion of macro ‘NanReturnValue’
   60 |     NanReturnValue(True());
      |     ^~~~~~~~~~~~~~
../src/bufferutil.cc: In static member function ‘static void BufferUtil::Unmask(const v8::FunctionCallbackInfo<v8::Value>&)’:
../src/bufferutil.cc:66:50: error: no matching function for call to ‘v8::Value::ToObject()’
   66 |     Local<Object> buffer_obj = args[0]->ToObject();
      |                                                  ^
In file included from ../src/bufferutil.cc:7:
/home/jpol/.cache/node-gyp/13.6.0/include/node/v8.h:2754:44: note: candidate: ‘v8::MaybeLocal<v8::Object> v8::Value::ToObject(v8::Local<v8::Context>) const’
 2754 |   V8_WARN_UNUSED_RESULT MaybeLocal<Object> ToObject(
      |                                            ^~~~~~~~
/home/jpol/.cache/node-gyp/13.6.0/include/node/v8.h:2754:44: note:   candidate expects 1 argument, 0 provided
../src/bufferutil.cc:68:48: error: no matching function for call to ‘v8::Value::ToObject()’
   68 |     Local<Object> mask_obj = args[1]->ToObject();
      |                                                ^
In file included from ../src/bufferutil.cc:7:
/home/jpol/.cache/node-gyp/13.6.0/include/node/v8.h:2754:44: note: candidate: ‘v8::MaybeLocal<v8::Object> v8::Value::ToObject(v8::Local<v8::Context>) const’
 2754 |   V8_WARN_UNUSED_RESULT MaybeLocal<Object> ToObject(
      |                                            ^~~~~~~~
/home/jpol/.cache/node-gyp/13.6.0/include/node/v8.h:2754:44: note:   candidate expects 1 argument, 0 provided
In file included from ../src/bufferutil.cc:15:
../src/bufferutil.cc:81:25: error: too few arguments to function ‘v8::Local<v8::Boolean> v8::True(v8::Isolate*)’
   81 |     NanReturnValue(True());
      |                         ^
/home/jpol/pv/github/webserver/crimson/node_modules/engine.io-client/node_modules/nan/nan.h:195:65: note: in definition of macro ‘NanReturnValue’
  195 | # define NanReturnValue(value) return args.GetReturnValue().Set(value)
      |                                                                 ^~~~~
In file included from ../src/bufferutil.cc:7:
/home/jpol/.cache/node-gyp/13.6.0/include/node/v8.h:11478:16: note: declared here
11478 | Local<Boolean> True(Isolate* isolate) {
      |                ^~~~
In file included from ../src/bufferutil.cc:15:
/home/jpol/pv/github/webserver/crimson/node_modules/engine.io-client/node_modules/nan/nan.h:195:70: error: return-statement with a value, in function returning ‘void’ [-fpermissive]
  195 | # define NanReturnValue(value) return args.GetReturnValue().Set(value)
      |                                                                      ^
../src/bufferutil.cc:81:5: note: in expansion of macro ‘NanReturnValue’
   81 |     NanReturnValue(True());
      |     ^~~~~~~~~~~~~~
../src/bufferutil.cc: In static member function ‘static void BufferUtil::Mask(const v8::FunctionCallbackInfo<v8::Value>&)’:
../src/bufferutil.cc:87:50: error: no matching function for call to ‘v8::Value::ToObject()’
   87 |     Local<Object> buffer_obj = args[0]->ToObject();
      |                                                  ^
In file included from ../src/bufferutil.cc:7:
/home/jpol/.cache/node-gyp/13.6.0/include/node/v8.h:2754:44: note: candidate: ‘v8::MaybeLocal<v8::Object> v8::Value::ToObject(v8::Local<v8::Context>) const’
 2754 |   V8_WARN_UNUSED_RESULT MaybeLocal<Object> ToObject(
      |                                            ^~~~~~~~
/home/jpol/.cache/node-gyp/13.6.0/include/node/v8.h:2754:44: note:   candidate expects 1 argument, 0 provided
../src/bufferutil.cc:88:48: error: no matching function for call to ‘v8::Value::ToObject()’
   88 |     Local<Object> mask_obj = args[1]->ToObject();
      |                                                ^
In file included from ../src/bufferutil.cc:7:
/home/jpol/.cache/node-gyp/13.6.0/include/node/v8.h:2754:44: note: candidate: ‘v8::MaybeLocal<v8::Object> v8::Value::ToObject(v8::Local<v8::Context>) const’
 2754 |   V8_WARN_UNUSED_RESULT MaybeLocal<Object> ToObject(
      |                                            ^~~~~~~~
/home/jpol/.cache/node-gyp/13.6.0/include/node/v8.h:2754:44: note:   candidate expects 1 argument, 0 provided
../src/bufferutil.cc:90:50: error: no matching function for call to ‘v8::Value::ToObject()’
   90 |     Local<Object> output_obj = args[2]->ToObject();
      |                                                  ^
In file included from ../src/bufferutil.cc:7:
/home/jpol/.cache/node-gyp/13.6.0/include/node/v8.h:2754:44: note: candidate: ‘v8::MaybeLocal<v8::Object> v8::Value::ToObject(v8::Local<v8::Context>) const’
 2754 |   V8_WARN_UNUSED_RESULT MaybeLocal<Object> ToObject(
      |                                            ^~~~~~~~
/home/jpol/.cache/node-gyp/13.6.0/include/node/v8.h:2754:44: note:   candidate expects 1 argument, 0 provided
../src/bufferutil.cc:91:51: error: no matching function for call to ‘v8::Value::Int32Value()’
   91 |     unsigned int dataOffset = args[3]->Int32Value();
      |                                                   ^
In file included from ../src/bufferutil.cc:7:
/home/jpol/.cache/node-gyp/13.6.0/include/node/v8.h:2778:40: note: candidate: ‘v8::Maybe<int> v8::Value::Int32Value(v8::Local<v8::Context>) const’
 2778 |   V8_WARN_UNUSED_RESULT Maybe<int32_t> Int32Value(Local<Context> context) const;
      |                                        ^~~~~~~~~~
/home/jpol/.cache/node-gyp/13.6.0/include/node/v8.h:2778:40: note:   candidate expects 1 argument, 0 provided
../src/bufferutil.cc:92:47: error: no matching function for call to ‘v8::Value::Int32Value()’
   92 |     unsigned int length = args[4]->Int32Value();
      |                                               ^
In file included from ../src/bufferutil.cc:7:
/home/jpol/.cache/node-gyp/13.6.0/include/node/v8.h:2778:40: note: candidate: ‘v8::Maybe<int> v8::Value::Int32Value(v8::Local<v8::Context>) const’
 2778 |   V8_WARN_UNUSED_RESULT Maybe<int32_t> Int32Value(Local<Context> context) const;
      |                                        ^~~~~~~~~~
/home/jpol/.cache/node-gyp/13.6.0/include/node/v8.h:2778:40: note:   candidate expects 1 argument, 0 provided
In file included from ../src/bufferutil.cc:15:
../src/bufferutil.cc:106:25: error: too few arguments to function ‘v8::Local<v8::Boolean> v8::True(v8::Isolate*)’
  106 |     NanReturnValue(True());
      |                         ^
/home/jpol/pv/github/webserver/crimson/node_modules/engine.io-client/node_modules/nan/nan.h:195:65: note: in definition of macro ‘NanReturnValue’
  195 | # define NanReturnValue(value) return args.GetReturnValue().Set(value)
      |                                                                 ^~~~~
In file included from ../src/bufferutil.cc:7:
/home/jpol/.cache/node-gyp/13.6.0/include/node/v8.h:11478:16: note: declared here
11478 | Local<Boolean> True(Isolate* isolate) {
      |                ^~~~
In file included from ../src/bufferutil.cc:15:
/home/jpol/pv/github/webserver/crimson/node_modules/engine.io-client/node_modules/nan/nan.h:195:70: error: return-statement with a value, in function returning ‘void’ [-fpermissive]
  195 | # define NanReturnValue(value) return args.GetReturnValue().Set(value)
      |                                                                      ^
../src/bufferutil.cc:106:5: note: in expansion of macro ‘NanReturnValue’
  106 |     NanReturnValue(True());
      |     ^~~~~~~~~~~~~~
../src/bufferutil.cc: At global scope:
../src/bufferutil.cc:110:23: error: variable or field ‘init’ declared void
  110 | extern "C" void init (Handle<Object> target)
      |                       ^~~~~~
../src/bufferutil.cc:110:23: error: ‘Handle’ was not declared in this scope
../src/bufferutil.cc:110:36: error: expected primary-expression before ‘>’ token
  110 | extern "C" void init (Handle<Object> target)
      |                                    ^
../src/bufferutil.cc:110:38: error: ‘target’ was not declared in this scope
  110 | extern "C" void init (Handle<Object> target)
      |                                      ^~~~~~
In file included from ../src/bufferutil.cc:8:
../src/bufferutil.cc:116:25: error: ‘init’ was not declared in this scope; did you mean ‘int’?
  116 | NODE_MODULE(bufferutil, init)
      |                         ^~~~
/home/jpol/.cache/node-gyp/13.6.0/include/node/node.h:611:36: note: in definition of macro ‘NODE_MODULE_X’
  611 |       (node::addon_register_func) (regfunc),                          \
      |                                    ^~~~~~~
../src/bufferutil.cc:116:1: note: in expansion of macro ‘NODE_MODULE’
  116 | NODE_MODULE(bufferutil, init)
      | ^~~~~~~~~~~
In file included from ../src/bufferutil.cc:7:
/home/jpol/.cache/node-gyp/13.6.0/include/node/v8.h: In instantiation of ‘void v8::PersistentBase<T>::SetWeak(P*, typename v8::WeakCallbackInfo<P>::Callback, v8::WeakCallbackType) [with P = node::ObjectWrap; T = v8::Object; typename v8::WeakCallbackInfo<P>::Callback = void (*)(const v8::WeakCallbackInfo<node::ObjectWrap>&)]’:
/home/jpol/.cache/node-gyp/13.6.0/include/node/node_object_wrap.h:85:78:   required from here
/home/jpol/.cache/node-gyp/13.6.0/include/node/v8.h:10400:16: warning: cast between incompatible function types from ‘v8::WeakCallbackInfo<node::ObjectWrap>::Callback’ {aka ‘void (*)(const v8::WeakCallbackInfo<node::ObjectWrap>&)’} to ‘Callback’ {aka ‘void (*)(const v8::WeakCallbackInfo<void>&)’} [-Wcast-function-type]
10400 |                reinterpret_cast<Callback>(callback), type);
      |                ^~~~~~~~~~~~~~~~~~~~~~~~~~~~~~~~~~~~
In file included from ../src/bufferutil.cc:15:
/home/jpol/pv/github/webserver/crimson/node_modules/engine.io-client/node_modules/nan/nan.h: In instantiation of ‘void NanDispose(v8::Persistent<T, v8::NonCopyablePersistentTraits<T> >&) [with T = v8::Object]’:
/home/jpol/pv/github/webserver/crimson/node_modules/engine.io-client/node_modules/nan/nan.h:498:34:   required from here
/home/jpol/pv/github/webserver/crimson/node_modules/engine.io-client/node_modules/nan/nan.h:237:12: error: ‘class v8::Persistent<v8::Object>’ has no member named ‘Dispose’
  237 |     handle.Dispose(nan_isolate);
      |     ~~~~~~~^~~~~~~
/home/jpol/pv/github/webserver/crimson/node_modules/engine.io-client/node_modules/nan/nan.h:238:12: error: ‘class v8::Persistent<v8::Object>’ has no member named ‘Clear’
  238 |     handle.Clear();
      |     ~~~~~~~^~~~~
/home/jpol/pv/github/webserver/crimson/node_modules/engine.io-client/node_modules/nan/nan.h:740:21: warning: ‘NanFromV8String’ defined but not used [-Wunused-variable]
  740 | static inline char* NanFromV8String(
      |                     ^~~~~~~~~~~~~~~
/home/jpol/pv/github/webserver/crimson/node_modules/engine.io-client/node_modules/nan/nan.h:703:13: warning: ‘_NanGetExternalParts’ defined but not used [-Wunused-variable]
  703 | static bool _NanGetExternalParts(
      |             ^~~~~~~~~~~~~~~~~~~~
make: *** [bufferutil.target.mk:109: Release/obj.target/bufferutil/src/bufferutil.o] Error 1
gyp ERR! build error 
gyp ERR! stack Error: `make` failed with exit code: 2
gyp ERR! stack     at ChildProcess.onExit (/usr/lib/node_modules/node-gyp/lib/build.js:194:23)
gyp ERR! stack     at ChildProcess.emit (events.js:321:20)
gyp ERR! stack     at Process.ChildProcess._handle.onexit (internal/child_process.js:275:12)
gyp ERR! System Linux 5.4.10-arch1-1
gyp ERR! command "/usr/bin/node" "/usr/lib/node_modules/node-gyp/bin/node-gyp.js" "rebuild"
gyp ERR! cwd /home/jpol/pv/github/webserver/crimson/node_modules/engine.io-client/node_modules/ws
gyp ERR! node -v v13.6.0
gyp ERR! node-gyp -v v6.1.0
gyp ERR! not ok 
